\BOOKMARK [-1][]{part.1}{\376\377\000I\000\040\232\330\173\111\116\343\145\160}{}% 1
\BOOKMARK [0][]{chapter.1}{\376\377\0001\000\040\210\114\122\027\137\017}{part.1}% 2
\BOOKMARK [0][]{chapter.2}{\376\377\0002\000\040\167\351\226\065\166\204\217\320\173\227}{part.1}% 3
\BOOKMARK [0][]{chapter.3}{\376\377\0003\000\040\167\351\226\065\166\204\166\370\142\265\116\016\166\370\117\074}{part.1}% 4
\BOOKMARK [0][]{chapter.4}{\376\377\0004\000\040\116\214\153\041\127\213\000,\000\040\167\351\226\065\166\204\124\010\124\014}{part.1}% 5
\BOOKMARK [0][]{chapter.5}{\376\377\0005\000\040\124\021\221\317\172\172\225\364\116\016\176\277\140\047\146\040\134\004}{part.1}% 6
\BOOKMARK [0][]{chapter.6}{\376\377\0006\000\040\121\167\147\011\136\246\221\317\166\204\124\021\221\317\172\172\225\364}{part.1}% 7
\BOOKMARK [0][]{chapter.7}{\376\377\0007\000\040\131\032\221\315\176\277\140\047\116\343\145\160}{part.1}% 8
\BOOKMARK [-1][]{part.2}{\376\377\000I\000I\000\040\145\160\133\146\122\006\147\220}{}% 9
\BOOKMARK [0][]{chapter.1}{\376\377\0001\000\040\145\160\122\027\147\201\226\120\116\016\133\236\145\160\174\373\127\372\147\054\133\232\164\006}{part.2}% 10
\BOOKMARK [0][]{chapter.2}{\376\377\0002\000\040\116\000\121\103\121\375\145\160\147\201\226\120}{part.2}% 11
\BOOKMARK [1][]{section.2.1}{\376\377\0002\000.\0001\000\040\176\374\124\010\230\230\166\356}{chapter.2}% 12
\BOOKMARK [0][]{chapter.3}{\376\377\0003\000\040\121\375\145\160\166\204\217\336\176\355\140\047\116\016\160\271\226\306\142\323\142\121\122\035\153\145}{part.2}% 13
\BOOKMARK [1][]{section.3.1}{\376\377\0003\000.\0001\000\040\116\000\201\364\217\336\176\355}{chapter.3}% 14
\BOOKMARK [1][]{section.3.2}{\376\377\0003\000.\0002\000\040\160\271\226\306\142\323\142\121\122\035\153\145}{chapter.3}% 15
\BOOKMARK [0][]{chapter.4}{\376\377\0004\000\040\116\000\121\103\121\375\145\160\137\256\122\006\133\146}{part.2}% 16
\BOOKMARK [1][]{section.4.1}{\376\377\0004\000.\0001\000\040\116\055\120\074\133\232\164\006\116\016\000T\000a\000y\000l\000o\000r\134\125\137\000}{chapter.4}% 17
\BOOKMARK [1][]{section.4.2}{\376\377\0004\000.\0002\000\040\176\374\124\010\230\230\166\356}{chapter.4}% 18
\BOOKMARK [0][]{chapter.5}{\376\377\0005\000\040\116\000\121\103\121\375\145\160\171\357\122\006\133\146}{part.2}% 19
\BOOKMARK [0][]{chapter.6}{\376\377\0006\000\040\176\247\145\160}{part.2}% 20
\BOOKMARK [0][]{chapter.7}{\376\377\0007\000\040\131\032\121\103\121\375\145\160\137\256\122\006\133\146}{part.2}% 21
\BOOKMARK [0][]{chapter.8}{\376\377\0008\000\040\131\032\121\103\121\375\145\160\171\357\122\006\133\146}{part.2}% 22
