\BOOKMARK [-1][]{part.1}{\376\377\000I\000\040\230\204\131\007\167\345\213\306}{}% 1
\BOOKMARK [0][]{chapter.1}{\376\377\0001\000\040\226\306\124\010\213\272\121\145\225\350\000,\000\040\146\040\134\004\116\016\116\214\121\103\121\163\174\373}{part.1}% 2
\BOOKMARK [1][]{section.1.1}{\376\377\0001\000.\0001\000\040\121\154\164\006\123\026\166\204\226\306\124\010\213\272}{chapter.1}% 3
\BOOKMARK [2][]{subsection.1.1.1}{\376\377\0001\000.\0001\000.\0001\000\040\226\306\124\010\166\204\127\372\147\054\140\047\215\050}{section.1.1}% 4
\BOOKMARK [2][]{subsection.1.1.2}{\376\377\0001\000.\0001\000.\0002\000\040\226\306\124\010\166\204\217\320\173\227}{section.1.1}% 5
\BOOKMARK [2][]{subsection.1.1.3}{\376\377\0001\000.\0001\000.\0003\000\040\145\340\226\120\226\306}{section.1.1}% 6
\BOOKMARK [2][]{subsection.1.1.4}{\376\377\0001\000.\0001\000.\0004\000\040\000R\000u\000s\000s\000e\000l\000l\140\226\213\272}{section.1.1}% 7
\BOOKMARK [2][]{subsection.1.1.5}{\376\377\0001\000.\0001\000.\0005\000\040\220\011\142\351\121\154\164\006}{section.1.1}% 8
\BOOKMARK [1][]{section.1.2}{\376\377\0001\000.\0002\000\040\146\040\134\004\116\016\116\214\121\103\121\163\174\373}{chapter.1}% 9
\BOOKMARK [2][]{subsection.1.2.1}{\376\377\0001\000.\0002\000.\0001\000\040\146\040\134\004}{section.1.2}% 10
\BOOKMARK [2][]{subsection.1.2.2}{\376\377\0001\000.\0002\000.\0002\000\040\116\214\121\103\121\163\174\373}{section.1.2}% 11
\BOOKMARK [1][]{section.1.3}{\376\377\0001\000.\0003\000\040\226\306\124\010\166\204\127\372\145\160}{chapter.1}% 12
\BOOKMARK [0][]{chapter.2}{\376\377\0002\000\040\122\035\173\111\145\160\213\272\166\204\127\372\147\054\176\323\147\234}{part.1}% 13
\BOOKMARK [0][]{chapter.3}{\376\377\0003\000\040\176\277\140\047\145\271\172\013\176\304\116\016\210\114\122\027\137\017\213\241\173\227}{part.1}% 14
\BOOKMARK [-1][]{part.2}{\376\377\000I\000I\000\040\176\277\140\047\146\040\134\004\116\016\116\343\145\160\176\323\147\204}{}% 15
\BOOKMARK [0][]{chapter.4}{\376\377\0004\000\040\124\021\221\317\172\172\225\364}{part.2}% 16
\BOOKMARK [1][]{section.4.1}{\376\377\0004\000.\0001\000\040\116\316\000F\000n\213\364\215\167}{chapter.4}% 17
\BOOKMARK [2][]{subsection.4.1.1}{\376\377\0004\000.\0001\000.\0001\000\040\131\015\145\160\116\016\131\015\145\160\127\337}{section.4.1}% 18
\BOOKMARK [2][]{subsection.4.1.2}{\376\377\0004\000.\0001\000.\0002\000\040\000F\000n}{section.4.1}% 19
\BOOKMARK [1][]{section.4.2}{\376\377\0004\000.\0002\000\040\124\021\221\317\172\172\225\364}{chapter.4}% 20
\BOOKMARK [1][]{section.4.3}{\376\377\0004\000.\0003\000\040\133\120\172\172\225\364}{chapter.4}% 21
\BOOKMARK [2][]{subsection.4.3.1}{\376\377\0004\000.\0003\000.\0001\000\040\133\120\172\172\225\364}{section.4.3}% 22
\BOOKMARK [2][]{subsection.4.3.2}{\376\377\0004\000.\0003\000.\0002\000\040\133\120\172\172\225\364\166\204\124\214}{section.4.3}% 23
\BOOKMARK [2][]{subsection.4.3.3}{\376\377\0004\000.\0003\000.\0003\000\040\166\364\124\214}{section.4.3}% 24
\BOOKMARK [1][]{section.4.4}{\376\377\0004\000.\0004\000\040\147\011\226\120\176\364\124\021\221\317\172\172\225\364}{chapter.4}% 25
\BOOKMARK [2][]{subsection.4.4.1}{\376\377\0004\000.\0004\000.\0001\000\040\137\040\142\020\172\172\225\364}{section.4.4}% 26
\BOOKMARK [2][]{subsection.4.4.2}{\376\377\0004\000.\0004\000.\0002\000\040\147\011\226\120\176\364\124\021\221\317\172\172\225\364}{section.4.4}% 27
\BOOKMARK [1][]{section.4.5}{\376\377\0004\000.\0005\000\040\176\277\140\047\145\340\121\163}{chapter.4}% 28
\BOOKMARK [2][]{subsection.4.5.1}{\376\377\0004\000.\0005\000.\0001\000\040\176\277\140\047\145\340\121\163}{section.4.5}% 29
\BOOKMARK [2][]{subsection.4.5.2}{\376\377\0004\000.\0005\000.\0002\000\040\176\277\140\047\166\370\121\163\140\047\116\016\137\040\142\020}{section.4.5}% 30
\BOOKMARK [1][]{section.4.6}{\376\377\0004\000.\0006\000\040\127\372\116\016\176\364\145\160}{chapter.4}% 31
\BOOKMARK [2][]{subsection.4.6.1}{\376\377\0004\000.\0006\000.\0001\000\040\127\372}{section.4.6}% 32
\BOOKMARK [2][]{subsection.4.6.2}{\376\377\0004\000.\0006\000.\0002\000\040\176\364\145\160}{section.4.6}% 33
\BOOKMARK [0][]{chapter.5}{\376\377\0005\000\040\176\277\140\047\146\040\134\004\116\016\167\351\226\065}{part.2}% 34
\BOOKMARK [1][]{section.5.1}{\376\377\0005\000.\0001\000\040\127\372\147\054\151\202\137\365}{chapter.5}% 35
\BOOKMARK [2][]{subsection.5.1.1}{\376\377\0005\000.\0001\000.\0001\000\040\124\021\221\317\172\172\225\364\166\204\176\277\140\047\146\040\134\004}{section.5.1}% 36
\BOOKMARK [2][]{subsection.5.1.2}{\376\377\0005\000.\0001\000.\0002\000\040\176\277\140\047\146\040\134\004\166\204\210\150\171\072\167\351\226\065}{section.5.1}% 37
\BOOKMARK [2][]{subsection.5.1.3}{\376\377\0005\000.\0001\000.\0003\000\040\167\351\226\065\166\204\217\320\173\227}{section.5.1}% 38
\BOOKMARK [1][]{section.5.2}{\376\377\0005\000.\0002\000\040\226\366\172\172\225\364\116\016\120\074\127\337}{chapter.5}% 39
\BOOKMARK [2][]{subsection.5.2.1}{\376\377\0005\000.\0002\000.\0001\000\040\211\343\176\277\140\047\145\271\172\013\176\304\225\356\230\230}{section.5.2}% 40
\BOOKMARK [2][]{subsection.5.2.2}{\376\377\0005\000.\0002\000.\0002\000\040\123\357\220\006\167\351\226\065}{section.5.2}% 41
\BOOKMARK [2][]{subsection.5.2.3}{\376\377\0005\000.\0002\000.\0003\000\040\226\366\172\172\225\364\116\016\120\074\127\337}{section.5.2}% 42
\BOOKMARK [2][]{subsection.5.2.4}{\376\377\0005\000.\0002\000.\0004\000\040\176\277\140\047\146\040\134\004\127\372\147\054\133\232\164\006}{section.5.2}% 43
\BOOKMARK [1][]{section.5.3}{\376\377\0005\000.\0003\000\040\123\357\220\006\140\047\116\016\124\014\147\204\166\204\124\021\221\317\172\172\225\364}{chapter.5}% 44
\BOOKMARK [2][]{subsection.5.3.1}{\376\377\0005\000.\0003\000.\0001\000\040\176\277\140\047\146\040\134\004\166\204\123\357\220\006\140\047}{section.5.3}% 45
\BOOKMARK [2][]{subsection.5.3.2}{\376\377\0005\000.\0003\000.\0002\000\040\124\014\147\204\166\204\124\021\221\317\172\172\225\364}{section.5.3}% 46
\BOOKMARK [2][]{subsection.5.3.3}{\376\377\0005\000.\0003\000.\0003\000\040\127\372\166\204\123\330\143\142}{section.5.3}% 47
\BOOKMARK [1][]{section.5.4}{\376\377\0005\000.\0004\000\040\124\021\221\317\172\172\225\364\166\204\171\357\116\016\125\106}{chapter.5}% 48
\BOOKMARK [2][]{subsection.5.4.1}{\376\377\0005\000.\0004\000.\0001\000\040\124\021\221\317\172\172\225\364\166\204\171\357}{section.5.4}% 49
\BOOKMARK [2][]{subsection.5.4.2}{\376\377\0005\000.\0004\000.\0002\000\040\124\021\221\317\172\172\225\364\166\204\125\106}{section.5.4}% 50
\BOOKMARK [1][]{section.5.5}{\376\377\0005\000.\0005\000\040\133\371\120\166\116\016\167\351\226\065\166\204\171\351}{chapter.5}% 51
\BOOKMARK [2][]{subsection.5.5.1}{\376\377\0005\000.\0005\000.\0001\000\040\133\371\120\166}{section.5.5}% 52
\BOOKMARK [2][]{subsection.5.5.2}{\376\377\0005\000.\0005\000.\0002\000\040\167\351\226\065\166\204\171\351}{section.5.5}% 53
\BOOKMARK [2][]{subsection.5.5.3}{\376\377\0005\000.\0005\000.\0003\000\040\133\371\120\166\146\040\134\004\166\204\226\366\172\172\225\364\124\214\120\074\127\337}{section.5.5}% 54
\BOOKMARK [0][]{chapter.6}{\376\377\0006\000\040\177\244\213\272}{part.2}% 55
\BOOKMARK [1][]{section.6.1}{\376\377\0006\000.\0001\000\040\127\372\147\054\140\363\154\325}{chapter.6}% 56
\BOOKMARK [0][]{chapter.7}{\376\377\0007\000\040\131\032\230\171\137\017\116\016\163\257}{part.2}% 57
\BOOKMARK [0][]{chapter.8}{\376\377\0008\000\040\133\371\211\322\123\026}{part.2}% 58
\BOOKMARK [1][]{section.8.1}{\376\377\0008\000.\0001\000\040\127\372\147\054\151\202\137\365}{chapter.8}% 59
\BOOKMARK [1][]{section.8.2}{\376\377\0008\000.\0002\000\040\147\201\134\017\131\032\230\171\137\017}{chapter.8}% 60
\BOOKMARK [2][]{subsection.8.2.1}{\376\377\0008\000.\0002\000.\0001\000\040\147\054\137\201\120\074\116\016\147\201\134\017\131\032\230\171\137\017}{section.8.2}% 61
\BOOKMARK [2][]{subsection.8.2.2}{\376\377\0008\000.\0002\000.\0002\000\040\131\107\145\160\176\364\133\236\124\021\221\317\172\172\225\364\116\012\166\204\147\054\137\201\120\074}{section.8.2}% 62
\BOOKMARK [1][]{section.8.3}{\376\377\0008\000.\0003\000\040\116\012\116\011\211\322\167\351\226\065}{chapter.8}% 63
\BOOKMARK [1][]{section.8.4}{\376\377\0008\000.\0004\000\040\123\357\133\371\211\322\123\026\173\227\133\120}{chapter.8}% 64
