\BOOKMARK [0][]{chapter.1}{\376\377\0001\000\040\230\204\131\007\167\345\213\306}{}% 1
\BOOKMARK [1][]{section.1.1}{\376\377\0001\000.\0001\000\040\121\154\164\006\123\026\166\204\226\306\124\010\213\272}{chapter.1}% 2
\BOOKMARK [2][]{subsection.1.1.1}{\376\377\0001\000.\0001\000.\0001\000\040\226\306\124\010\166\204\127\372\147\054\140\047\215\050}{section.1.1}% 3
\BOOKMARK [2][]{subsection.1.1.2}{\376\377\0001\000.\0001\000.\0002\000\040\226\306\124\010\166\204\217\320\173\227}{section.1.1}% 4
\BOOKMARK [2][]{subsection.1.1.3}{\376\377\0001\000.\0001\000.\0003\000\040\145\340\226\120\226\306}{section.1.1}% 5
\BOOKMARK [2][]{subsection.1.1.4}{\376\377\0001\000.\0001\000.\0004\000\040\000R\000u\000s\000s\000e\000l\000l\140\226\213\272}{section.1.1}% 6
\BOOKMARK [2][]{subsection.1.1.5}{\376\377\0001\000.\0001\000.\0005\000\040\220\011\142\351\121\154\164\006}{section.1.1}% 7
\BOOKMARK [1][]{section.1.2}{\376\377\0001\000.\0002\000\040\146\040\134\004\116\016\116\214\121\103\121\163\174\373}{chapter.1}% 8
\BOOKMARK [2][]{subsection.1.2.1}{\376\377\0001\000.\0002\000.\0001\000\040\146\040\134\004}{section.1.2}% 9
\BOOKMARK [2][]{subsection.1.2.2}{\376\377\0001\000.\0002\000.\0002\000\040\116\214\121\103\121\163\174\373}{section.1.2}% 10
\BOOKMARK [1][]{section.1.3}{\376\377\0001\000.\0003\000\040\226\306\124\010\166\204\127\372\145\160}{chapter.1}% 11
\BOOKMARK [0][]{chapter.2}{\376\377\0002\000\040\133\236\145\160\164\006\213\272}{}% 12
\BOOKMARK [1][]{section.2.1}{\376\377\0002\000.\0001\000\040\000N\166\204\147\204\220\040}{chapter.2}% 13
\BOOKMARK [2][]{subsection.2.1.1}{\376\377\0002\000.\0001\000.\0001\000\040\000N\116\012\166\204\122\240\154\325\116\016\136\217\121\163\174\373}{section.2.1}% 14
\BOOKMARK [2][]{subsection.2.1.2}{\376\377\0002\000.\0001\000.\0002\000\040\000N\116\012\166\204\116\130\154\325}{section.2.1}% 15
\BOOKMARK [1][]{section.2.2}{\376\377\0002\000.\0002\000\040\000Z\166\204\147\204\220\040}{chapter.2}% 16
\BOOKMARK [1][]{section.2.3}{\376\377\0002\000.\0003\000\040\000Q\166\204\147\204\220\040}{chapter.2}% 17
\BOOKMARK [1][]{section.2.4}{\376\377\0002\000.\0004\000\040\133\236\145\160\166\204\147\204\220\040}{chapter.2}% 18
\BOOKMARK [2][]{subsection.2.4.1}{\376\377\0002\000.\0004\000.\0001\000\040\000D\000e\000d\000e\000k\000i\000n\000d\122\006\122\162}{section.2.4}% 19
\BOOKMARK [2][]{subsection.2.4.2}{\376\377\0002\000.\0004\000.\0002\000\040\133\236\145\160\226\306\116\012\166\204\136\217\176\323\147\204\124\214\116\343\145\160\176\323\147\204}{section.2.4}% 20
\BOOKMARK [1][]{section.2.5}{\376\377\0002\000.\0005\000\040\133\236\145\160\166\204\133\214\131\007\140\047}{chapter.2}% 21
\BOOKMARK [2][]{subsection.2.5.1}{\376\377\0002\000.\0005\000.\0001\000\040\000D\000e\000d\000e\000k\000i\000n\000d\133\232\164\006}{section.2.5}% 22
\BOOKMARK [2][]{subsection.2.5.2}{\376\377\0002\000.\0005\000.\0002\000\040\170\156\165\114\123\237\164\006}{section.2.5}% 23
\BOOKMARK [2][]{subsection.2.5.3}{\376\377\0002\000.\0005\000.\0003\000\040\000H\000e\000i\000n\000e\000-\000B\000o\000r\000e\000l\133\232\164\006}{section.2.5}% 24
\BOOKMARK [1][]{section.2.6}{\376\377\0002\000.\0006\000\040\133\236\145\160\121\154\164\006\116\016\217\333\122\066\174\373\176\337}{chapter.2}% 25
\BOOKMARK [1][]{section.2.7}{\376\377\0002\000.\0007\000\040\123\357\145\160\226\306}{chapter.2}% 26
\BOOKMARK [0][]{chapter.3}{\376\377\0003\000\040\145\160\122\027\116\016\121\375\145\160\166\204\147\201\226\120}{}% 27
\BOOKMARK [1][]{section.3.1}{\376\377\0003\000.\0001\000\040\145\160\122\027\166\204\147\201\226\120}{chapter.3}% 28
\BOOKMARK [2][]{subsection.3.1.1}{\376\377\0003\000.\0001\000.\0001\000\040\145\160\122\027\147\201\226\120\166\204\133\232\116\111\124\214\140\047\215\050}{section.3.1}% 29
\BOOKMARK [2][]{subsection.3.1.2}{\376\377\0003\000.\0001\000.\0002\000\040\145\160\122\027\147\201\226\120\166\204\140\047\215\050}{section.3.1}% 30
\BOOKMARK [1][]{section.3.2}{\376\377\0003\000.\0002\000\040\145\160\122\027\166\204\145\133\145\143\140\047}{chapter.3}% 31
\BOOKMARK [2][]{subsection.3.2.1}{\376\377\0003\000.\0002\000.\0001\000\040\123\125\214\003\145\160\122\027}{section.3.2}% 32
\BOOKMARK [2][]{subsection.3.2.2}{\376\377\0003\000.\0002\000.\0002\000\040\200\132\160\271\116\016\116\012\116\013\147\201\226\120}{section.3.2}% 33
\BOOKMARK [2][]{subsection.3.2.3}{\376\377\0003\000.\0002\000.\0003\000\040\000C\000a\000u\000c\000h\000y\145\066\145\133\121\306\122\031}{section.3.2}% 34
\BOOKMARK [2][]{subsection.3.2.4}{\376\377\0003\000.\0002\000.\0004\000\040\133\236\145\160\133\214\131\007\140\047\133\232\164\006\000:\000\040\140\073\176\323}{section.3.2}% 35
\BOOKMARK [1][]{section.3.3}{\376\377\0003\000.\0003\000\040\145\160\230\171\176\247\145\160}{chapter.3}% 36
\BOOKMARK [2][]{subsection.3.3.1}{\376\377\0003\000.\0003\000.\0001\000\040\127\372\147\054\151\202\137\365}{section.3.3}% 37
\BOOKMARK [2][]{subsection.3.3.2}{\376\377\0003\000.\0003\000.\0002\000\040\176\247\145\160\145\133\145\143\140\047\166\204\122\044\122\053\154\325}{section.3.3}% 38
\BOOKMARK [2][]{subsection.3.3.3}{\376\377\0003\000.\0003\000.\0003\000\040\143\057\203\141\127\213\176\247\145\160}{section.3.3}% 39
\BOOKMARK [2][]{subsection.3.3.4}{\376\377\0003\000.\0003\000.\0004\000\040\000e\166\204\176\247\145\160\210\150\171\072}{section.3.3}% 40
\BOOKMARK [2][]{subsection.3.3.5}{\376\377\0003\000.\0003\000.\0005\000\040\131\015\145\160\230\171\176\247\145\160\116\016\136\102\176\247\145\160}{section.3.3}% 41
\BOOKMARK [1][]{section.3.4}{\376\377\0003\000.\0004\000\040\121\375\145\160\166\204\147\201\226\120}{chapter.3}% 42
\BOOKMARK [2][]{subsection.3.4.1}{\376\377\0003\000.\0004\000.\0001\000\040\127\372\147\054\151\202\137\365}{section.3.4}% 43
\BOOKMARK [2][]{subsection.3.4.2}{\376\377\0003\000.\0004\000.\0002\000\040\121\375\145\160\147\201\226\120\166\204\140\047\215\050}{section.3.4}% 44
\BOOKMARK [2][]{subsection.3.4.3}{\376\377\0003\000.\0004\000.\0003\000\040\116\000\202\054\123\026\166\204\147\201\226\120\133\232\116\111}{section.3.4}% 45
\BOOKMARK [2][]{subsection.3.4.4}{\376\377\0003\000.\0004\000.\0004\000\040\121\375\145\160\147\201\226\120\166\204\133\130\127\050\140\047}{section.3.4}% 46
\BOOKMARK [2][]{subsection.3.4.5}{\376\377\0003\000.\0004\000.\0005\000\040\121\375\145\160\156\020\217\333\210\114\116\072\166\204\153\324\217\203}{section.3.4}% 47
\BOOKMARK [0][]{chapter.4}{\376\377\0004\000\040\217\336\176\355\121\375\145\160}{}% 48
\BOOKMARK [1][]{section.4.1}{\376\377\0004\000.\0001\000\040\121\375\145\160\166\204\220\020\160\271\217\336\176\355\124\214\225\364\145\255}{chapter.4}% 49
\BOOKMARK [2][]{subsection.4.1.1}{\376\377\0004\000.\0001\000.\0001\000\040\127\372\147\054\151\202\137\365}{section.4.1}% 50
\BOOKMARK [2][]{subsection.4.1.2}{\376\377\0004\000.\0001\000.\0002\000\040\121\375\145\160\166\204\225\364\145\255\160\271}{section.4.1}% 51
\BOOKMARK [1][]{section.4.2}{\376\377\0004\000.\0002\000\040\225\355\123\072\225\364\116\012\217\336\176\355\121\375\145\160\166\204\140\047\215\050}{chapter.4}% 52
\BOOKMARK [1][]{section.4.3}{\376\377\0004\000.\0003\000\040\136\246\221\317\172\172\225\364\123\312\121\166\133\214\131\007\123\026}{chapter.4}% 53
\BOOKMARK [2][]{subsection.4.3.1}{\376\377\0004\000.\0003\000.\0001\000\040\136\246\221\317\172\172\225\364\166\204\127\372\147\054\151\202\137\365}{section.4.3}% 54
\BOOKMARK [2][]{subsection.4.3.2}{\376\377\0004\000.\0003\000.\0002\000\040\136\246\221\317\172\172\225\364\166\204\133\214\131\007\123\026}{section.4.3}% 55
\BOOKMARK [2][]{subsection.4.3.3}{\376\377\0004\000.\0003\000.\0003\000\040\123\213\177\051\146\040\134\004\123\237\164\006}{section.4.3}% 56
\BOOKMARK [1][]{section.4.4}{\376\377\0004\000.\0004\000\040\142\323\142\121\172\172\225\364\166\204\127\372\147\054\151\202\137\365}{chapter.4}% 57
\BOOKMARK [2][]{subsection.4.4.1}{\376\377\0004\000.\0004\000.\0001\000\040\000R\116\012\166\204\220\032\136\070\142\323\142\121}{section.4.4}% 58
\BOOKMARK [2][]{subsection.4.4.2}{\376\377\0004\000.\0004\000.\0002\000\040\142\323\142\121\172\172\225\364}{section.4.4}% 59
\BOOKMARK [1][]{section.4.5}{\376\377\0004\000.\0005\000\040\121\375\145\160\122\027\166\204\220\020\160\271\145\066\145\133\116\016\116\000\201\364\145\066\145\133}{chapter.4}% 60
\BOOKMARK [2][]{subsection.4.5.1}{\376\377\0004\000.\0005\000.\0001\000\040\127\372\147\054\151\202\137\365}{section.4.5}% 61
\BOOKMARK [2][]{subsection.4.5.2}{\376\377\0004\000.\0005\000.\0002\000\040\147\201\226\120\121\375\145\160\166\204\217\336\176\355\140\047}{section.4.5}% 62
\BOOKMARK [2][]{subsection.4.5.3}{\376\377\0004\000.\0005\000.\0003\000\040\166\370\121\163\225\356\230\230}{section.4.5}% 63
\BOOKMARK [0][]{chapter.5}{\376\377\0005\000\040\145\066\145\133\140\047\124\214\217\336\176\355\140\047\166\204\116\000\202\054\123\026}{}% 64
\BOOKMARK [1][]{section.5.1}{\376\377\0005\000.\0001\000\040\000R\000n\116\012\166\204\160\271\122\027\147\201\226\120\116\016\217\336\176\355\146\040\134\004}{chapter.5}% 65
\BOOKMARK [2][]{subsection.5.1.1}{\376\377\0005\000.\0001\000.\0001\000\040\160\271\122\027\166\204\147\201\226\120}{section.5.1}% 66
\BOOKMARK [2][]{subsection.5.1.2}{\376\377\0005\000.\0001\000.\0002\000\040\133\236\145\160\133\214\131\007\140\047\133\232\164\006\166\204\143\250\136\177}{section.5.1}% 67
\BOOKMARK [2][]{subsection.5.1.3}{\376\377\0005\000.\0001\000.\0003\000\040\131\032\121\103\121\375\145\160\166\204\221\315\147\201\226\120}{section.5.1}% 68
\BOOKMARK [2][]{subsection.5.1.4}{\376\377\0005\000.\0001\000.\0004\000\040\131\032\121\103\121\375\145\160\166\204\175\057\153\041\147\201\226\120}{section.5.1}% 69
\BOOKMARK [2][]{subsection.5.1.5}{\376\377\0005\000.\0001\000.\0005\000\040\131\032\121\103\121\375\145\160\166\204\217\336\176\355\140\047}{section.5.1}% 70
\BOOKMARK [2][]{subsection.5.1.6}{\376\377\0005\000.\0001\000.\0006\000\040\147\011\165\114\225\355\226\306\116\012\217\336\176\355\121\375\145\160\166\204\140\047\215\050}{section.5.1}% 71
\BOOKMARK [1][]{section.5.2}{\376\377\0005\000.\0002\000\040\136\246\221\317\172\172\225\364\116\012\166\204\160\271\122\027\147\201\226\120\116\016\217\336\176\355\146\040\134\004}{chapter.5}% 72
\BOOKMARK [2][]{subsection.5.2.1}{\376\377\0005\000.\0002\000.\0001\000\040\160\271\122\027\166\204\147\201\226\120}{section.5.2}% 73
\BOOKMARK [2][]{subsection.5.2.2}{\376\377\0005\000.\0002\000.\0002\000\040\133\236\145\160\133\214\131\007\140\047\133\232\164\006\166\204\143\250\136\177}{section.5.2}% 74
\BOOKMARK [2][]{subsection.5.2.3}{\376\377\0005\000.\0002\000.\0003\000\040\146\040\134\004\166\204\147\201\226\120\116\016\217\336\176\355\140\047}{section.5.2}% 75
\BOOKMARK [1][]{section.5.3}{\376\377\0005\000.\0003\000\040\142\323\142\121\172\172\225\364\116\012\166\204\160\271\122\027\147\201\226\120\116\016\217\336\176\355\146\040\134\004}{chapter.5}% 76
\BOOKMARK [2][]{subsection.5.3.1}{\376\377\0005\000.\0003\000.\0001\000\040\142\323\142\121\172\172\225\364\116\055\160\271\122\027\166\204\145\066\145\133\140\047}{section.5.3}% 77
\BOOKMARK [2][]{subsection.5.3.2}{\376\377\0005\000.\0003\000.\0002\000\040\142\323\142\121\172\172\225\364\116\113\225\364\166\204\217\336\176\355\146\040\134\004}{section.5.3}% 78
\BOOKMARK [1][]{section.5.4}{\376\377\0005\000.\0004\000\040\142\323\142\121\116\015\123\330\221\317}{chapter.5}% 79
\BOOKMARK [2][]{subsection.5.4.1}{\376\377\0005\000.\0004\000.\0001\000\040\175\047\226\306\000,\000\040\122\027\175\047\226\306\116\016\147\011\165\114\225\355\226\306}{section.5.4}% 80
\BOOKMARK [2][]{subsection.5.4.2}{\376\377\0005\000.\0004\000.\0002\000\040\175\047\140\047\166\204\217\333\116\000\153\145\170\024\172\166}{section.5.4}% 81
\BOOKMARK [2][]{subsection.5.4.3}{\376\377\0005\000.\0004\000.\0003\000\040\217\336\220\032\140\047}{section.5.4}% 82
\BOOKMARK [2][]{subsection.5.4.4}{\376\377\0005\000.\0004\000.\0004\000\040\000C\000a\000n\000t\000o\000r\226\306}{section.5.4}% 83
\BOOKMARK [0][]{chapter.6}{\376\377\0006\000\040\116\000\121\103\121\375\145\160\137\256\122\006\133\146}{}% 84
\BOOKMARK [1][]{section.6.1}{\376\377\0006\000.\0001\000\040\133\374\145\160\116\016\137\256\122\006}{chapter.6}% 85
\BOOKMARK [2][]{subsection.6.1.1}{\376\377\0006\000.\0001\000.\0001\000\040\133\374\145\160\166\204\151\202\137\365\116\016\213\241\173\227}{section.6.1}% 86
\BOOKMARK [2][]{subsection.6.1.2}{\376\377\0006\000.\0001\000.\0002\000\040\137\256\122\006\166\204\151\202\137\365}{section.6.1}% 87
\BOOKMARK [1][]{section.6.2}{\376\377\0006\000.\0002\000\040\137\256\122\006\133\146\166\204\116\055\120\074\133\232\164\006}{chapter.6}% 88
\BOOKMARK [2][]{subsection.6.2.1}{\376\377\0006\000.\0002\000.\0001\000\040\121\375\145\160\166\204\133\374\145\160\116\016\121\166\134\100\220\350\140\047\215\050}{section.6.2}% 89
\BOOKMARK [2][]{subsection.6.2.2}{\376\377\0006\000.\0002\000.\0002\000\040\000L\000a\000g\000r\000a\000n\000g\000e\116\055\120\074\133\232\164\006}{section.6.2}% 90
\BOOKMARK [2][]{subsection.6.2.3}{\376\377\0006\000.\0002\000.\0003\000\040\133\374\121\375\145\160\166\204\140\047\215\050}{section.6.2}% 91
\BOOKMARK [2][]{subsection.6.2.4}{\376\377\0006\000.\0002\000.\0004\000\040\000C\000a\000u\000c\000h\000y\116\055\120\074\133\232\164\006}{section.6.2}% 92
\BOOKMARK [2][]{subsection.6.2.5}{\376\377\0006\000.\0002\000.\0005\000\040\116\055\120\074\133\232\164\006\166\204\136\224\165\050}{section.6.2}% 93
\BOOKMARK [2][]{subsection.6.2.6}{\376\377\0006\000.\0002\000.\0006\000\040\000l\040\031\000H\000\364\000p\000i\000t\000a\000l\154\325\122\031}{section.6.2}% 94
\BOOKMARK [1][]{section.6.3}{\376\377\0006\000.\0003\000\040\000T\000a\000y\000l\000o\000r\121\154\137\017}{chapter.6}% 95
\BOOKMARK [2][]{subsection.6.3.1}{\376\377\0006\000.\0003\000.\0001\000\040\136\046\000P\000e\000a\000n\000o\117\131\230\171\166\204\000T\000a\000y\000l\000o\000r\121\154\137\017}{section.6.3}% 96
\BOOKMARK [2][]{subsection.6.3.2}{\376\377\0006\000.\0003\000.\0002\000\040\133\371\000T\000a\000y\000l\000o\000r\121\154\137\017\117\131\230\171\166\204\133\232\221\317\170\024\172\166}{section.6.3}% 97
\BOOKMARK [2][]{subsection.6.3.3}{\376\377\0006\000.\0003\000.\0003\000\040\000T\000a\000y\000l\000o\000r\176\247\145\160}{section.6.3}% 98
\BOOKMARK [1][]{section.6.4}{\376\377\0006\000.\0004\000\040\165\050\137\256\122\006\133\146\145\271\154\325\170\024\172\166\121\375\145\160}{chapter.6}% 99
\BOOKMARK [2][]{subsection.6.4.1}{\376\377\0006\000.\0004\000.\0001\000\040\121\375\145\160\166\204\123\125\214\003\140\047\116\016\147\201\120\074}{section.6.4}% 100
\BOOKMARK [2][]{subsection.6.4.2}{\376\377\0006\000.\0004\000.\0002\000\040\121\375\145\160\166\204\121\370\140\047}{section.6.4}% 101
\BOOKMARK [1][]{section.6.5}{\376\377\0006\000.\0005\000\040\123\237\121\375\145\160\116\016\116\015\133\232\171\357\122\006}{chapter.6}% 102
\BOOKMARK [1][]{section.6.6}{\376\377\0006\000.\0006\000\040\137\256\122\006\133\146\166\204\136\224\165\050}{chapter.6}% 103
\BOOKMARK [2][]{subsection.6.6.1}{\376\377\0006\000.\0006\000.\0001\000\040\133\371\131\015\145\160\124\214\136\102\176\247\145\160\166\204\217\333\116\000\153\145\170\024\172\166}{section.6.6}% 104
\BOOKMARK [2][]{subsection.6.6.2}{\376\377\0006\000.\0006\000.\0002\000\040\173\200\123\125\166\204\136\070\137\256\122\006\145\271\172\013}{section.6.6}% 105
\BOOKMARK [0][]{chapter.7}{\376\377\0007\000\040\000R\000i\000e\000m\000a\000n\000n\171\357\122\006}{}% 106
\BOOKMARK [1][]{section.7.1}{\376\377\0007\000.\0001\000\040\000R\000i\000e\000m\000a\000n\000n\123\357\171\357\166\204\133\232\116\111}{chapter.7}% 107
\BOOKMARK [2][]{subsection.7.1.1}{\376\377\0007\000.\0001\000.\0001\000\040\226\066\150\257\121\375\145\160\123\312\121\166\171\357\122\006}{section.7.1}% 108
\BOOKMARK [2][]{subsection.7.1.2}{\376\377\0007\000.\0001\000.\0002\000\040\000R\000i\000e\000m\000a\000n\000n\123\357\171\357\166\204\133\232\116\111}{section.7.1}% 109
\BOOKMARK [2][]{subsection.7.1.3}{\376\377\0007\000.\0001\000.\0003\000\040\227\136\215\037\121\375\145\160\166\204\171\357\122\006\000,\000\040\217\336\143\245\226\066\150\257\121\375\145\160\116\016\000R\000i\000e\000m\000a\000n\000n\124\214\166\204\220\024\137\204}{section.7.1}% 110
\BOOKMARK [2][]{subsection.7.1.4}{\376\377\0007\000.\0001\000.\0004\000\040\116\012\116\013\171\357\122\006\116\016\000D\000a\000r\000b\000o\000u\000x\116\012\116\013\124\214}{section.7.1}% 111
\BOOKMARK [2][]{subsection.7.1.5}{\376\377\0007\000.\0001\000.\0005\000\040\000R\000i\000e\000m\000a\000n\000n\171\357\122\006\166\204\177\072\226\167\000,\000\040\123\315\136\070\171\357\122\006}{section.7.1}% 112
\BOOKMARK [1][]{section.7.2}{\376\377\0007\000.\0002\000\040\000R\000i\000e\000m\000a\000n\000n\123\357\171\357\166\204\140\047\215\050\116\016\147\141\116\366}{chapter.7}% 113
\BOOKMARK [1][]{section.7.3}{\376\377\0007\000.\0003\000\040\000R\000i\000e\000m\000a\000n\000n\171\357\122\006\166\204\213\241\173\227}{chapter.7}% 114
\BOOKMARK [2][]{subsection.7.3.1}{\376\377\0007\000.\0003\000.\0001\000\040\000N\000e\000w\000t\000o\000n\000-\000L\000e\000i\000b\000n\000i\000z\121\154\137\017}{section.7.3}% 115
\BOOKMARK [2][]{subsection.7.3.2}{\376\377\0007\000.\0003\000.\0002\000\040\000R\000i\000e\000m\000a\000n\000n\171\357\122\006\166\204\116\055\120\074\133\232\164\006\124\214\000T\000a\000y\000l\000o\000r\121\154\137\017}{section.7.3}% 116
\BOOKMARK [1][]{section.7.4}{\376\377\0007\000.\0004\000\040\147\011\124\021\123\357\122\240\121\375\145\160\116\016\000S\000t\000i\000e\000l\000t\000j\000e\000s\171\357\122\006}{chapter.7}% 117
\BOOKMARK [2][]{subsection.7.4.1}{\376\377\0007\000.\0004\000.\0001\000\040\147\011\124\021\123\357\122\240\121\375\145\160\166\204\000R\000i\000e\000m\000a\000n\000n\171\357\122\006\210\150\171\072}{section.7.4}% 118
\BOOKMARK [2][]{subsection.7.4.2}{\376\377\0007\000.\0004\000.\0002\000\040\000S\000t\000i\000e\000l\000t\000j\000e\000s\171\357\122\006}{section.7.4}% 119
\BOOKMARK [0][]{chapter*.29}{\376\377\116\140\230\230\123\302\200\003\211\343\173\124}{}% 120
