This is XeTeX, Version 3.141592653-2.6-0.999996 (TeX Live 2024) (preloaded format=xelatex 2024.8.10)  12 AUG 2024 21:33
entering extended mode
 \write18 enabled.
 file:line:error style messages enabled.
 %&-line parsing enabled.
**book.tex
(./book.tex
LaTeX2e <2023-11-01> patch level 1
L3 programming layer <2024-02-20>
(./plainbook.cls
Document Class: plainbook 
(/usr/local/texlive/2024/texmf-dist/tex/latex/base/book.cls
Document Class: book 2023/05/17 v1.4n Standard LaTeX document class
(/usr/local/texlive/2024/texmf-dist/tex/latex/base/bk10.clo
File: bk10.clo 2023/05/17 v1.4n Standard LaTeX file (size option)
)
\c@part=\count184
\c@chapter=\count185
\c@section=\count186
\c@subsection=\count187
\c@subsubsection=\count188
\c@paragraph=\count189
\c@subparagraph=\count190
\c@figure=\count191
\c@table=\count192
\abovecaptionskip=\skip48
\belowcaptionskip=\skip49
\bibindent=\dimen140
) (/usr/local/texlive/2024/texmf-dist/tex/latex/setspace/setspace.sty
Package: setspace 2022/12/04 v6.7b set line spacing
) (/usr/local/texlive/2024/texmf-dist/tex/latex/csquotes/csquotes.sty
Package: csquotes 2022-09-14 v5.2n context-sensitive quotations (JAW)
 (/usr/local/texlive/2024/texmf-dist/tex/latex/etoolbox/etoolbox.sty
Package: etoolbox 2020/10/05 v2.5k e-TeX tools for LaTeX (JAW)
\etb@tempcnta=\count193
) (/usr/local/texlive/2024/texmf-dist/tex/latex/graphics/keyval.sty
Package: keyval 2022/05/29 v1.15 key=value parser (DPC)
\KV@toks@=\toks17
)
\csq@reset=\count194
\csq@gtype=\count195
\csq@glevel=\count196
\csq@qlevel=\count197
\csq@maxlvl=\count198
\csq@tshold=\count199
\csq@ltx@everypar=\toks18
 (/usr/local/texlive/2024/texmf-dist/tex/latex/csquotes/csquotes.def
File: csquotes.def 2022-09-14 v5.2n csquotes generic definitions (JAW)
)
Package csquotes Info: Trying to load configuration file 'csquotes.cfg'...
Package csquotes Info: ... configuration file loaded successfully.
 (/usr/local/texlive/2024/texmf-dist/tex/latex/csquotes/csquotes.cfg
File: csquotes.cfg 
)) (/usr/local/texlive/2024/texmf-dist/tex/latex/hyperref/hyperref.sty
Package: hyperref 2024-01-20 v7.01h Hypertext links for LaTeX
 (/usr/local/texlive/2024/texmf-dist/tex/generic/iftex/iftex.sty
Package: iftex 2022/02/03 v1.0f TeX engine tests
) (/usr/local/texlive/2024/texmf-dist/tex/latex/kvsetkeys/kvsetkeys.sty
Package: kvsetkeys 2022-10-05 v1.19 Key value parser (HO)
) (/usr/local/texlive/2024/texmf-dist/tex/generic/kvdefinekeys/kvdefinekeys.sty
Package: kvdefinekeys 2019-12-19 v1.6 Define keys (HO)
) (/usr/local/texlive/2024/texmf-dist/tex/generic/pdfescape/pdfescape.sty
Package: pdfescape 2019/12/09 v1.15 Implements pdfTeX's escape features (HO)
 (/usr/local/texlive/2024/texmf-dist/tex/generic/ltxcmds/ltxcmds.sty
Package: ltxcmds 2023-12-04 v1.26 LaTeX kernel commands for general use (HO)
) (/usr/local/texlive/2024/texmf-dist/tex/generic/pdftexcmds/pdftexcmds.sty
Package: pdftexcmds 2020-06-27 v0.33 Utility functions of pdfTeX for LuaTeX (HO)
 (/usr/local/texlive/2024/texmf-dist/tex/generic/infwarerr/infwarerr.sty
Package: infwarerr 2019/12/03 v1.5 Providing info/warning/error messages (HO)
)
Package pdftexcmds Info: \pdf@primitive is available.
Package pdftexcmds Info: \pdf@ifprimitive is available.
Package pdftexcmds Info: \pdfdraftmode not found.
)) (/usr/local/texlive/2024/texmf-dist/tex/latex/hycolor/hycolor.sty
Package: hycolor 2020-01-27 v1.10 Color options for hyperref/bookmark (HO)
) (/usr/local/texlive/2024/texmf-dist/tex/latex/auxhook/auxhook.sty
Package: auxhook 2019-12-17 v1.6 Hooks for auxiliary files (HO)
) (/usr/local/texlive/2024/texmf-dist/tex/latex/hyperref/nameref.sty
Package: nameref 2023-11-26 v2.56 Cross-referencing by name of section
 (/usr/local/texlive/2024/texmf-dist/tex/latex/refcount/refcount.sty
Package: refcount 2019/12/15 v3.6 Data extraction from label references (HO)
) (/usr/local/texlive/2024/texmf-dist/tex/generic/gettitlestring/gettitlestring.sty
Package: gettitlestring 2019/12/15 v1.6 Cleanup title references (HO)
 (/usr/local/texlive/2024/texmf-dist/tex/latex/kvoptions/kvoptions.sty
Package: kvoptions 2022-06-15 v3.15 Key value format for package options (HO)
))
\c@section@level=\count266
)
\@linkdim=\dimen141
\Hy@linkcounter=\count267
\Hy@pagecounter=\count268
 (/usr/local/texlive/2024/texmf-dist/tex/latex/hyperref/pd1enc.def
File: pd1enc.def 2024-01-20 v7.01h Hyperref: PDFDocEncoding definition (HO)
) (/usr/local/texlive/2024/texmf-dist/tex/generic/intcalc/intcalc.sty
Package: intcalc 2019/12/15 v1.3 Expandable calculations with integers (HO)
)
\Hy@SavedSpaceFactor=\count269
 (/usr/local/texlive/2024/texmf-dist/tex/latex/hyperref/puenc.def
File: puenc.def 2024-01-20 v7.01h Hyperref: PDF Unicode definition (HO)
)
Package hyperref Info: Hyper figures OFF on input line 4179.
Package hyperref Info: Link nesting OFF on input line 4184.
Package hyperref Info: Hyper index ON on input line 4187.
Package hyperref Info: Plain pages OFF on input line 4194.
Package hyperref Info: Backreferencing OFF on input line 4199.
Package hyperref Info: Implicit mode ON; LaTeX internals redefined.
Package hyperref Info: Bookmarks ON on input line 4446.
\c@Hy@tempcnt=\count270
 (/usr/local/texlive/2024/texmf-dist/tex/latex/url/url.sty
\Urlmuskip=\muskip16
Package: url 2013/09/16  ver 3.4  Verb mode for urls, etc.
)
LaTeX Info: Redefining \url on input line 4784.
\XeTeXLinkMargin=\dimen142
 (/usr/local/texlive/2024/texmf-dist/tex/generic/bitset/bitset.sty
Package: bitset 2019/12/09 v1.3 Handle bit-vector datatype (HO)
 (/usr/local/texlive/2024/texmf-dist/tex/generic/bigintcalc/bigintcalc.sty
Package: bigintcalc 2019/12/15 v1.5 Expandable calculations on big integers (HO)
))
\Fld@menulength=\count271
\Field@Width=\dimen143
\Fld@charsize=\dimen144
Package hyperref Info: Hyper figures OFF on input line 6063.
Package hyperref Info: Link nesting OFF on input line 6068.
Package hyperref Info: Hyper index ON on input line 6071.
Package hyperref Info: backreferencing OFF on input line 6078.
Package hyperref Info: Link coloring OFF on input line 6083.
Package hyperref Info: Link coloring with OCG OFF on input line 6088.
Package hyperref Info: PDF/A mode OFF on input line 6093.
 (/usr/local/texlive/2024/texmf-dist/tex/latex/base/atbegshi-ltx.sty
Package: atbegshi-ltx 2021/01/10 v1.0c Emulation of the original atbegshi
package with kernel methods
)
\Hy@abspage=\count272
\c@Item=\count273
\c@Hfootnote=\count274
)
Package hyperref Info: Driver (autodetected): hxetex.
 (/usr/local/texlive/2024/texmf-dist/tex/latex/hyperref/hxetex.def
File: hxetex.def 2024-01-20 v7.01h Hyperref driver for XeTeX

(/usr/local/texlive/2024/texmf-dist/tex/generic/stringenc/stringenc.sty
Package: stringenc 2019/11/29 v1.12 Convert strings between diff. encodings (HO)
)
\pdfm@box=\box51
\c@Hy@AnnotLevel=\count275
\HyField@AnnotCount=\count276
\Fld@listcount=\count277
\c@bookmark@seq@number=\count278
 (/usr/local/texlive/2024/texmf-dist/tex/latex/rerunfilecheck/rerunfilecheck.sty
Package: rerunfilecheck 2022-07-10 v1.10 Rerun checks for auxiliary files (HO)
 (/usr/local/texlive/2024/texmf-dist/tex/latex/base/atveryend-ltx.sty
Package: atveryend-ltx 2020/08/19 v1.0a Emulation of the original atveryend package
with kernel methods
) (/usr/local/texlive/2024/texmf-dist/tex/generic/uniquecounter/uniquecounter.sty
Package: uniquecounter 2019/12/15 v1.4 Provide unlimited unique counter (HO)
)
Package uniquecounter Info: New unique counter `rerunfilecheck' on input line 285.
)
\Hy@SectionHShift=\skip50
)
Package hyperref Info: Option `breaklinks' set `true' on input line 30.
Package hyperref Info: Option `unicode' set `true' on input line 30.
Package hyperref Info: Option `bookmarksnumbered' set `true' on input line 30.
Package hyperref Info: Option `bookmarksopen' set `true' on input line 30.
Package hyperref Info: Option `colorlinks' set `true' on input line 30.
Package hyperref Info: Option `plainpages' set `false' on input line 30.
Package hyperref Info: Option `linktocpage' set `true' on input line 30.
 (/usr/local/texlive/2024/texmf-dist/tex/latex/geometry/geometry.sty
Package: geometry 2020/01/02 v5.9 Page Geometry
 (/usr/local/texlive/2024/texmf-dist/tex/generic/iftex/ifvtex.sty
Package: ifvtex 2019/10/25 v1.7 ifvtex legacy package. Use iftex instead.
)
\Gm@cnth=\count279
\Gm@cntv=\count280
\c@Gm@tempcnt=\count281
\Gm@bindingoffset=\dimen145
\Gm@wd@mp=\dimen146
\Gm@odd@mp=\dimen147
\Gm@even@mp=\dimen148
\Gm@layoutwidth=\dimen149
\Gm@layoutheight=\dimen150
\Gm@layouthoffset=\dimen151
\Gm@layoutvoffset=\dimen152
\Gm@dimlist=\toks19
) (/usr/local/texlive/2024/texmf-dist/tex/latex/ctex/ctex.sty (/usr/local/texlive/2024/texmf-dist/tex/latex/l3kernel/expl3.sty
Package: expl3 2024-02-20 L3 programming layer (loader) 
 (/usr/local/texlive/2024/texmf-dist/tex/latex/l3backend/l3backend-xetex.def
File: l3backend-xetex.def 2024-02-20 L3 backend support: XeTeX
\g__graphics_track_int=\count282
\l__pdf_internal_box=\box52
\g__pdf_backend_object_int=\count283
\g__pdf_backend_annotation_int=\count284
\g__pdf_backend_link_int=\count285
))
Package: ctex 2022/07/14 v2.5.10 Chinese adapter in LaTeX (CTEX)
 (/usr/local/texlive/2024/texmf-dist/tex/latex/ctex/ctexhook.sty
Package: ctexhook 2022/07/14 v2.5.10 Document and package hooks (CTEX)
) (/usr/local/texlive/2024/texmf-dist/tex/latex/ctex/ctexpatch.sty
Package: ctexpatch 2022/07/14 v2.5.10 Patching commands (CTEX)
) (/usr/local/texlive/2024/texmf-dist/tex/latex/base/fix-cm.sty
Package: fix-cm 2020/11/24 v1.1t fixes to LaTeX
 (/usr/local/texlive/2024/texmf-dist/tex/latex/base/ts1enc.def
File: ts1enc.def 2001/06/05 v3.0e (jk/car/fm) Standard LaTeX file
LaTeX Font Info:    Redeclaring font encoding TS1 on input line 47.
))
\l__ctex_tmp_int=\count286
\l__ctex_tmp_box=\box53
\l__ctex_tmp_dim=\dimen153
\g__ctex_section_depth_int=\count287
\g__ctex_font_size_int=\count288
 (/usr/local/texlive/2024/texmf-dist/tex/latex/ctex/config/ctexopts.cfg
File: ctexopts.cfg 2022/07/14 v2.5.10 Option configuration file (CTEX)
) (/usr/local/texlive/2024/texmf-dist/tex/latex/ctex/engine/ctex-engine-xetex.def
File: ctex-engine-xetex.def 2022/07/14 v2.5.10 XeLaTeX adapter (CTEX)
 (/usr/local/texlive/2024/texmf-dist/tex/xelatex/xecjk/xeCJK.sty
Package: xeCJK 2022/08/05 v3.9.1 Typesetting CJK scripts with XeLaTeX
 (/usr/local/texlive/2024/texmf-dist/tex/latex/l3packages/xtemplate/xtemplate.sty (/usr/local/texlive/2024/texmf-dist/tex/latex/l3packages/xtemplate/xtemplate-2023-10-10.sty
Package: xtemplate 2023-10-10 L3 Experimental prototype document functions
\l__xtemplate_tmp_dim=\dimen154
\l__xtemplate_tmp_int=\count289
\l__xtemplate_tmp_muskip=\muskip17
\l__xtemplate_tmp_skip=\skip51
))
\l__xeCJK_tmp_int=\count290
\l__xeCJK_tmp_box=\box54
\l__xeCJK_tmp_dim=\dimen155
\l__xeCJK_tmp_skip=\skip52
\g__xeCJK_space_factor_int=\count291
\l__xeCJK_begin_int=\count292
\l__xeCJK_end_int=\count293
\c__xeCJK_CJK_class_int=\XeTeXcharclass1
\c__xeCJK_FullLeft_class_int=\XeTeXcharclass2
\c__xeCJK_FullRight_class_int=\XeTeXcharclass3
\c__xeCJK_HalfLeft_class_int=\XeTeXcharclass4
\c__xeCJK_HalfRight_class_int=\XeTeXcharclass5
\c__xeCJK_NormalSpace_class_int=\XeTeXcharclass6
\c__xeCJK_CM_class_int=\XeTeXcharclass7
\c__xeCJK_HangulJamo_class_int=\XeTeXcharclass8
\l__xeCJK_last_skip=\skip53
\c__xeCJK_none_node=\count294
\g__xeCJK_node_int=\count295
\c__xeCJK_CJK_node_dim=\dimen156
\c__xeCJK_CJK-space_node_dim=\dimen157
\c__xeCJK_default_node_dim=\dimen158
\c__xeCJK_CJK-widow_node_dim=\dimen159
\c__xeCJK_normalspace_node_dim=\dimen160
\c__xeCJK_default-space_node_skip=\skip54
\l__xeCJK_ccglue_skip=\skip55
\l__xeCJK_ecglue_skip=\skip56
\l__xeCJK_punct_kern_skip=\skip57
\l__xeCJK_indent_box=\box55
\l__xeCJK_last_penalty_int=\count296
\l__xeCJK_last_bound_dim=\dimen161
\l__xeCJK_last_kern_dim=\dimen162
\l__xeCJK_widow_penalty_int=\count297

Package xtemplate Info: Declaring object type 'xeCJK/punctuation' taking 0
(xtemplate)             argument(s) on line 2396.

\l__xeCJK_fixed_punct_width_dim=\dimen163
\l__xeCJK_mixed_punct_width_dim=\dimen164
\l__xeCJK_middle_punct_width_dim=\dimen165
\l__xeCJK_fixed_margin_width_dim=\dimen166
\l__xeCJK_mixed_margin_width_dim=\dimen167
\l__xeCJK_middle_margin_width_dim=\dimen168
\l__xeCJK_bound_punct_width_dim=\dimen169
\l__xeCJK_bound_margin_width_dim=\dimen170
\l__xeCJK_margin_minimum_dim=\dimen171
\l__xeCJK_kerning_total_width_dim=\dimen172
\l__xeCJK_same_align_margin_dim=\dimen173
\l__xeCJK_different_align_margin_dim=\dimen174
\l__xeCJK_kerning_margin_width_dim=\dimen175
\l__xeCJK_kerning_margin_minimum_dim=\dimen176
\l__xeCJK_bound_dim=\dimen177
\l__xeCJK_reverse_bound_dim=\dimen178
\l__xeCJK_margin_dim=\dimen179
\l__xeCJK_minimum_bound_dim=\dimen180
\l__xeCJK_kerning_margin_dim=\dimen181
\g__xeCJK_family_int=\count298
\l__xeCJK_fam_int=\count299
\g__xeCJK_fam_allocation_int=\count300
\l__xeCJK_verb_case_int=\count301
\l__xeCJK_verb_exspace_skip=\skip58
 (/usr/local/texlive/2024/texmf-dist/tex/latex/fontspec/fontspec.sty (/usr/local/texlive/2024/texmf-dist/tex/latex/l3packages/xparse/xparse.sty
Package: xparse 2024-02-18 L3 Experimental document command parser
)
Package: fontspec 2024/02/13 v2.9a Font selection for XeLaTeX and LuaLaTeX
 (/usr/local/texlive/2024/texmf-dist/tex/latex/fontspec/fontspec-xetex.sty
Package: fontspec-xetex 2024/02/13 v2.9a Font selection for XeLaTeX and LuaLaTeX
\l__fontspec_script_int=\count302
\l__fontspec_language_int=\count303
\l__fontspec_strnum_int=\count304
\l__fontspec_tmp_int=\count305
\l__fontspec_tmpa_int=\count306
\l__fontspec_tmpb_int=\count307
\l__fontspec_tmpc_int=\count308
\l__fontspec_em_int=\count309
\l__fontspec_emdef_int=\count310
\l__fontspec_strong_int=\count311
\l__fontspec_strongdef_int=\count312
\l__fontspec_tmpa_dim=\dimen182
\l__fontspec_tmpb_dim=\dimen183
\l__fontspec_tmpc_dim=\dimen184
 (/usr/local/texlive/2024/texmf-dist/tex/latex/base/fontenc.sty
Package: fontenc 2021/04/29 v2.0v Standard LaTeX package
) (/usr/local/texlive/2024/texmf-dist/tex/latex/fontspec/fontspec.cfg))) (/usr/local/texlive/2024/texmf-dist/tex/xelatex/xecjk/xeCJK.cfg
File: xeCJK.cfg 2022/08/05 v3.9.1 Configuration file for xeCJK package
))
\ccwd=\dimen185
\l__ctex_ccglue_skip=\skip59
)
\l__ctex_ziju_dim=\dimen186
 (/usr/local/texlive/2024/texmf-dist/tex/latex/zhnumber/zhnumber.sty
Package: zhnumber 2022/07/14 v3.0 Typesetting numbers with Chinese glyphs
\l__zhnum_scale_int=\count313
\l__zhnum_tmp_int=\count314
 (/usr/local/texlive/2024/texmf-dist/tex/latex/zhnumber/zhnumber-utf8.cfg
File: zhnumber-utf8.cfg 2022/07/14 v3.0 Chinese numerals with UTF8 encoding
)) (/usr/local/texlive/2024/texmf-dist/tex/latex/ctex/scheme/ctex-scheme-chinese.def
File: ctex-scheme-chinese.def 2022/07/14 v2.5.10 Chinese scheme for generic (CTEX)
 (/usr/local/texlive/2024/texmf-dist/tex/latex/ctex/config/ctex-name-utf8.cfg
File: ctex-name-utf8.cfg 2022/07/14 v2.5.10 Caption with encoding UTF-8 (CTEX)
))
(/usr/local/texlive/2024/texmf-dist/tex/latex/tools/indentfirst.sty
Package: indentfirst 2023/07/02 v1.03 Indent first paragraph (DPC)
) (/usr/local/texlive/2024/texmf-dist/tex/latex/ctex/ctex-c5size.clo
File: ctex-c5size.clo 2022/07/14 v2.5.10 c5size option (CTEX)
) (/usr/local/texlive/2024/texmf-dist/tex/latex/ctex/fontset/ctex-fontset-mac.def
File: ctex-fontset-mac.def 2022/07/14 v2.5.10 macOS fonts definition (CTEX)
 (/usr/local/texlive/2024/texmf-dist/tex/latex/ctex/fontset/ctex-fontset-macnew.def
File: ctex-fontset-macnew.def 2022/07/14 v2.5.10 macOS fonts definition for El Capitan or later version (CTEX)


Package fontspec Warning: Font "Songti SC Light" does not contain requested
(fontspec)                Script "CJK".


Package fontspec Info: Font family 'SongtiSCLight(0)' created for font 'Songti
(fontspec)             SC Light' with options
(fontspec)             [Script={CJK},BoldItalicFont={Kaiti SC
(fontspec)             Bold},BoldFont={Songti SC Bold},ItalicFont={Kaiti SC}].
(fontspec)              
(fontspec)              This font family consists of the following NFSS
(fontspec)             series/shapes:
(fontspec)              
(fontspec)             - 'normal' (m/n) with NFSS spec.: <->"Songti SC
(fontspec)             Light/OT:language=dflt;"
(fontspec)             - 'small caps'  (m/sc) with NFSS spec.: 
(fontspec)             - 'bold' (b/n) with NFSS spec.: <->"Songti SC
(fontspec)             Bold/OT:language=dflt;"
(fontspec)             - 'bold small caps'  (b/sc) with NFSS spec.: 
(fontspec)             - 'italic' (m/it) with NFSS spec.: <->"Kaiti
(fontspec)             SC/OT:language=dflt;"
(fontspec)             - 'italic small caps'  (m/scit) with NFSS spec.: 
(fontspec)             - 'bold italic' (b/it) with NFSS spec.: <->"Kaiti SC
(fontspec)             Bold/OT:language=dflt;"
(fontspec)             - 'bold italic small caps'  (b/scit) with NFSS spec.: 

))) (/usr/local/texlive/2024/texmf-dist/tex/latex/ctex/config/ctex.cfg
File: ctex.cfg 2022/07/14 v2.5.10 Configuration file (CTEX)
) (/usr/local/texlive/2024/texmf-dist/tex/latex/changepage/changepage.sty
Package: changepage 2009/10/20 v1.0c check page and change page layout
\c@cp@cntr=\count315
\cp@tempcnt=\count316
) (/usr/local/texlive/2024/texmf-dist/tex/latex/framed/framed.sty
Package: framed 2011/10/22 v 0.96: framed or shaded text with page breaks
\OuterFrameSep=\skip60
\fb@frw=\dimen187
\fb@frh=\dimen188
\FrameRule=\dimen189
\FrameSep=\dimen190
) (/usr/local/texlive/2024/texmf-dist/tex/latex/xcolor/xcolor.sty
Package: xcolor 2023/11/15 v3.01 LaTeX color extensions (UK)
 (/usr/local/texlive/2024/texmf-dist/tex/latex/graphics-cfg/color.cfg
File: color.cfg 2016/01/02 v1.6 sample color configuration
)
Package xcolor Info: Driver file: xetex.def on input line 274.
 (/usr/local/texlive/2024/texmf-dist/tex/latex/graphics-def/xetex.def
File: xetex.def 2022/09/22 v5.0n Graphics/color driver for xetex
) (/usr/local/texlive/2024/texmf-dist/tex/latex/graphics/mathcolor.ltx)
Package xcolor Info: Model `cmy' substituted by `cmy0' on input line 1350.
Package xcolor Info: Model `RGB' extended on input line 1366.
Package xcolor Info: Model `HTML' substituted by `rgb' on input line 1368.
Package xcolor Info: Model `Hsb' substituted by `hsb' on input line 1369.
Package xcolor Info: Model `tHsb' substituted by `hsb' on input line 1370.
Package xcolor Info: Model `HSB' substituted by `hsb' on input line 1371.
Package xcolor Info: Model `Gray' substituted by `gray' on input line 1372.
Package xcolor Info: Model `wave' substituted by `hsb' on input line 1373.
) (/usr/local/texlive/2024/texmf-dist/tex/latex/graphics/dvipsnam.def
File: dvipsnam.def 2016/06/17 v3.0m Driver-dependent file (DPC,SPQR)
) (/usr/local/texlive/2024/texmf-dist/tex/latex/xcolor/svgnam.def
File: svgnam.def 2023/11/15 v3.01 Predefined colors according to SVG 1.1 (UK)
)
\c@prob=\count317
\c@prop=\count318
\c@theo=\count319
\c@coro=\count320
\c@lemm=\count321
\c@defi=\count322
\c@exam=\count323
\c@exer=\count324
\c@axio=\count325
)
Runaway argument?
./book.tex:2: File ended while scanning use of \@newenv.
<inserted text> 
                \par 
l.2 
    
I suspect you have forgotten a `}', causing me
to read past where you wanted me to stop.
I'll try to recover; but if the error is serious,
you'd better type `E' or `X' now and fix your file.

(/usr/local/texlive/2024/texmf-dist/tex/latex/amsfonts/amsfonts.sty
Package: amsfonts 2013/01/14 v3.01 Basic AMSFonts support
\@emptytoks=\toks20
\symAMSa=\mathgroup4
\symAMSb=\mathgroup5
LaTeX Font Info:    Redeclaring math symbol \hbar on input line 98.
LaTeX Font Info:    Overwriting math alphabet `\mathfrak' in version `bold'
(Font)                  U/euf/m/n --> U/euf/b/n on input line 106.
) (/usr/local/texlive/2024/texmf-dist/tex/latex/amsmath/amsmath.sty
Package: amsmath 2023/05/13 v2.17o AMS math features
\@mathmargin=\skip61

For additional information on amsmath, use the `?' option.
(/usr/local/texlive/2024/texmf-dist/tex/latex/amsmath/amstext.sty
Package: amstext 2021/08/26 v2.01 AMS text
 (/usr/local/texlive/2024/texmf-dist/tex/latex/amsmath/amsgen.sty
File: amsgen.sty 1999/11/30 v2.0 generic functions
\@emptytoks=\toks21
\ex@=\dimen191
)) (/usr/local/texlive/2024/texmf-dist/tex/latex/amsmath/amsbsy.sty
Package: amsbsy 1999/11/29 v1.2d Bold Symbols
\pmbraise@=\dimen192
) (/usr/local/texlive/2024/texmf-dist/tex/latex/amsmath/amsopn.sty
Package: amsopn 2022/04/08 v2.04 operator names
)
\inf@bad=\count326
LaTeX Info: Redefining \frac on input line 234.
\uproot@=\count327
\leftroot@=\count328
LaTeX Info: Redefining \overline on input line 399.
LaTeX Info: Redefining \colon on input line 410.
\classnum@=\count329
\DOTSCASE@=\count330
LaTeX Info: Redefining \ldots on input line 496.
LaTeX Info: Redefining \dots on input line 499.
LaTeX Info: Redefining \cdots on input line 620.
\Mathstrutbox@=\box56
\strutbox@=\box57
LaTeX Info: Redefining \big on input line 722.
LaTeX Info: Redefining \Big on input line 723.
LaTeX Info: Redefining \bigg on input line 724.
LaTeX Info: Redefining \Bigg on input line 725.
\big@size=\dimen193
LaTeX Font Info:    Redeclaring font encoding OML on input line 743.
LaTeX Font Info:    Redeclaring font encoding OMS on input line 744.
\macc@depth=\count331
LaTeX Info: Redefining \bmod on input line 905.
LaTeX Info: Redefining \pmod on input line 910.
LaTeX Info: Redefining \smash on input line 940.
LaTeX Info: Redefining \relbar on input line 970.
LaTeX Info: Redefining \Relbar on input line 971.
\c@MaxMatrixCols=\count332
\dotsspace@=\muskip18
\c@parentequation=\count333
\dspbrk@lvl=\count334
\tag@help=\toks22
\row@=\count335
\column@=\count336
\maxfields@=\count337
\andhelp@=\toks23
\eqnshift@=\dimen194
\alignsep@=\dimen195
\tagshift@=\dimen196
\tagwidth@=\dimen197
\totwidth@=\dimen198
\lineht@=\dimen199
\@envbody=\toks24
\multlinegap=\skip62
\multlinetaggap=\skip63
\mathdisplay@stack=\toks25
LaTeX Info: Redefining \[ on input line 2953.
LaTeX Info: Redefining \] on input line 2954.
) (/usr/local/texlive/2024/texmf-dist/tex/latex/amsfonts/amssymb.sty
Package: amssymb 2013/01/14 v3.01 AMS font symbols
) (/usr/local/texlive/2024/texmf-dist/tex/latex/svg/svg.sty
Package: svg 2020/11/26 v2.02k (include SVG pictures)
 (/usr/local/texlive/2024/texmf-dist/tex/latex/koma-script/scrbase.sty
Package: scrbase 2023/07/07 v3.41 KOMA-Script package (KOMA-Script-independent basics and keyval usage)
 (/usr/local/texlive/2024/texmf-dist/tex/latex/koma-script/scrlfile.sty
Package: scrlfile 2023/07/07 v3.41 KOMA-Script package (file load hooks)
 (/usr/local/texlive/2024/texmf-dist/tex/latex/koma-script/scrlfile-hook.sty
Package: scrlfile-hook 2023/07/07 v3.41 KOMA-Script package (using LaTeX hooks)
 (/usr/local/texlive/2024/texmf-dist/tex/latex/koma-script/scrlogo.sty
Package: scrlogo 2023/07/07 v3.41 KOMA-Script package (logo)
)))
Applying: [2021/05/01] Usage of raw or classic option list on input line 252.
Already applied: [0000/00/00] Usage of raw or classic option list on input line 368.
) (/usr/local/texlive/2024/texmf-dist/tex/latex/trimspaces/trimspaces.sty
Package: trimspaces 2009/09/17 v1.1 Trim spaces around a token list
) (/usr/local/texlive/2024/texmf-dist/tex/latex/graphics/graphicx.sty
Package: graphicx 2021/09/16 v1.2d Enhanced LaTeX Graphics (DPC,SPQR)
 (/usr/local/texlive/2024/texmf-dist/tex/latex/graphics/graphics.sty
Package: graphics 2022/03/10 v1.4e Standard LaTeX Graphics (DPC,SPQR)
 (/usr/local/texlive/2024/texmf-dist/tex/latex/graphics/trig.sty
Package: trig 2021/08/11 v1.11 sin cos tan (DPC)
) (/usr/local/texlive/2024/texmf-dist/tex/latex/graphics-cfg/graphics.cfg
File: graphics.cfg 2016/06/04 v1.11 sample graphics configuration
)
Package graphics Info: Driver file: xetex.def on input line 107.
)
\Gin@req@height=\dimen256
\Gin@req@width=\dimen257
) (/usr/local/texlive/2024/texmf-dist/tex/latex/tools/shellesc.sty
Package: shellesc 2023/07/08 v1.0d unified shell escape interface for LaTeX
Package shellesc Info: Unrestricted shell escape enabled on input line 75.
) (/usr/local/texlive/2024/texmf-dist/tex/latex/ifplatform/ifplatform.sty
Package: ifplatform 2017/10/13 v0.4a Testing for the operating system
 (/usr/local/texlive/2024/texmf-dist/tex/generic/catchfile/catchfile.sty
Package: catchfile 2019/12/09 v1.8 Catch the contents of a file (HO)
 (/usr/local/texlive/2024/texmf-dist/tex/generic/etexcmds/etexcmds.sty
Package: etexcmds 2019/12/15 v1.7 Avoid name clashes with e-TeX commands (HO)
)) (/usr/local/texlive/2024/texmf-dist/tex/generic/iftex/ifluatex.sty
Package: ifluatex 2019/10/25 v1.5 ifluatex legacy package. Use iftex instead.
)
runsystem(uname -s > "book.w18")...executed.

 (./book.w18)
runsystem(rm -- "book.w18")...executed.

)
\c@svg@param@lastpage=\count338
\svg@box=\box58
\c@svg@param@currpage=\count339
) (/usr/local/texlive/2024/texmf-dist/tex/latex/transparent/transparent.sty
Package: transparent 2022-10-27 v1.5 Transparency with color stacks
 (/usr/local/texlive/2024/texmf-dist/tex/latex/transparent/transparent-nometadata.sty
Package: transparent-nometadata 2022-10-27 v1.5 Transparency via pdfTeX's color stack (HO)


Package transparent Warning: Loading aborted, because pdfTeX is not running in PDF mode.

)) (/usr/local/texlive/2024/texmf-dist/tex/latex/pgf/systemlayer/pgfsys.sty (/usr/local/texlive/2024/texmf-dist/tex/latex/pgf/utilities/pgfrcs.sty (/usr/local/texlive/2024/texmf-dist/tex/generic/pgf/utilities/pgfutil-common.tex
\pgfutil@everybye=\toks26
\pgfutil@tempdima=\dimen258
\pgfutil@tempdimb=\dimen259
) (/usr/local/texlive/2024/texmf-dist/tex/generic/pgf/utilities/pgfutil-latex.def
\pgfutil@abb=\box59
) (/usr/local/texlive/2024/texmf-dist/tex/generic/pgf/utilities/pgfrcs.code.tex (/usr/local/texlive/2024/texmf-dist/tex/generic/pgf/pgf.revision.tex)
Package: pgfrcs 2023-01-15 v3.1.10 (3.1.10)
)) (/usr/local/texlive/2024/texmf-dist/tex/generic/pgf/systemlayer/pgfsys.code.tex
Package: pgfsys 2023-01-15 v3.1.10 (3.1.10)
 (/usr/local/texlive/2024/texmf-dist/tex/generic/pgf/utilities/pgfkeys.code.tex
\pgfkeys@pathtoks=\toks27
\pgfkeys@temptoks=\toks28
 (/usr/local/texlive/2024/texmf-dist/tex/generic/pgf/utilities/pgfkeyslibraryfiltered.code.tex
\pgfkeys@tmptoks=\toks29
))
\pgf@x=\dimen260
\pgf@y=\dimen261
\pgf@xa=\dimen262
\pgf@ya=\dimen263
\pgf@xb=\dimen264
\pgf@yb=\dimen265
\pgf@xc=\dimen266
\pgf@yc=\dimen267
\pgf@xd=\dimen268
\pgf@yd=\dimen269
\w@pgf@writea=\write3
\r@pgf@reada=\read2
\c@pgf@counta=\count340
\c@pgf@countb=\count341
\c@pgf@countc=\count342
\c@pgf@countd=\count343
\t@pgf@toka=\toks30
\t@pgf@tokb=\toks31
\t@pgf@tokc=\toks32
\pgf@sys@id@count=\count344
 (/usr/local/texlive/2024/texmf-dist/tex/generic/pgf/systemlayer/pgf.cfg
File: pgf.cfg 2023-01-15 v3.1.10 (3.1.10)
)
Driver file for pgf: pgfsys-xetex.def
 (/usr/local/texlive/2024/texmf-dist/tex/generic/pgf/systemlayer/pgfsys-xetex.def
File: pgfsys-xetex.def 2023-01-15 v3.1.10 (3.1.10)
 (/usr/local/texlive/2024/texmf-dist/tex/generic/pgf/systemlayer/pgfsys-dvipdfmx.def
File: pgfsys-dvipdfmx.def 2023-01-15 v3.1.10 (3.1.10)
 (/usr/local/texlive/2024/texmf-dist/tex/generic/pgf/systemlayer/pgfsys-common-pdf.def
File: pgfsys-common-pdf.def 2023-01-15 v3.1.10 (3.1.10)
)
\pgfsys@objnum=\count345
))) (/usr/local/texlive/2024/texmf-dist/tex/generic/pgf/systemlayer/pgfsyssoftpath.code.tex
File: pgfsyssoftpath.code.tex 2023-01-15 v3.1.10 (3.1.10)
\pgfsyssoftpath@smallbuffer@items=\count346
\pgfsyssoftpath@bigbuffer@items=\count347
) (/usr/local/texlive/2024/texmf-dist/tex/generic/pgf/systemlayer/pgfsysprotocol.code.tex
File: pgfsysprotocol.code.tex 2023-01-15 v3.1.10 (3.1.10)
)) (/usr/local/texlive/2024/texmf-dist/tex/latex/booktabs/booktabs.sty
Package: booktabs 2020/01/12 v1.61803398 Publication quality tables
\heavyrulewidth=\dimen270
\lightrulewidth=\dimen271
\cmidrulewidth=\dimen272
\belowrulesep=\dimen273
\belowbottomsep=\dimen274
\aboverulesep=\dimen275
\abovetopsep=\dimen276
\cmidrulesep=\dimen277
\cmidrulekern=\dimen278
\defaultaddspace=\dimen279
\@cmidla=\count348
\@cmidlb=\count349
\@aboverulesep=\dimen280
\@belowrulesep=\dimen281
\@thisruleclass=\count350
\@lastruleclass=\count351
\@thisrulewidth=\dimen282
)

Package xeCJK Warning: Redefining CJKfamily `\CJKrmdefault'
(xeCJK)                (SongtiSCLight(0)).


Package fontspec Info: Could not resolve font "FZKai-Z03/B" (it probably
(fontspec)             doesn't exist).


Package fontspec Info: Could not resolve font "Source Han Serif SC-SemiBold/I"
(fontspec)             (it probably doesn't exist).


Package fontspec Info: Could not resolve font "FZShuSong-Z01/BI" (it probably
(fontspec)             doesn't exist).


Package fontspec Info: Font family 'FZShuSong-Z01(0)' created for font
(fontspec)             'FZShuSong-Z01' with options
(fontspec)             [Script={CJK},BoldFont={Source Han Serif
(fontspec)             SC-SemiBold},ItalicFont={FZKai-Z03}].
(fontspec)              
(fontspec)              This font family consists of the following NFSS
(fontspec)             series/shapes:
(fontspec)              
(fontspec)             - 'normal' (m/n) with NFSS spec.:
(fontspec)             <->"FZShuSong-Z01/OT:script=hani;language=dflt;"
(fontspec)             - 'small caps'  (m/sc) with NFSS spec.: 
(fontspec)             - 'bold' (b/n) with NFSS spec.: <->"Source Han Serif
(fontspec)             SC-SemiBold/OT:script=hani;language=dflt;"
(fontspec)             - 'bold small caps'  (b/sc) with NFSS spec.: 
(fontspec)             - 'italic' (m/it) with NFSS spec.:
(fontspec)             <->"FZKai-Z03/OT:script=hani;language=dflt;"
(fontspec)             - 'italic small caps'  (m/scit) with NFSS spec.: 


Package xeCJK Warning: Redefining CJKfamily `\CJKsfdefault' (PingFang SC).


Package xeCJK Warning: Redefining CJKfamily `\CJKttdefault' (STFangsong).


Package xeCJK Warning: Redefining CJKfamily `zhsong' (Songti SC Light).


Package xeCJK Warning: Redefining CJKfamily `zhhei' (Heiti SC Light).


Package xeCJK Warning: Redefining CJKfamily `zhkai' (Kaiti SC).


Package xeCJK Warning: Redefining CJKfamily `zhfs' (STFangsong).

(/usr/local/texlive/2024/texmf-dist/tex/generic/ulem/ulem.sty
\UL@box=\box60
\UL@hyphenbox=\box61
\UL@skip=\skip64
\UL@hook=\toks33
\UL@height=\dimen283
\UL@pe=\count352
\UL@pixel=\dimen284
\ULC@box=\box62
Package: ulem 2019/11/18
\ULdepth=\dimen285
)
Package csquotes Info: Checking for multilingual support...
Package csquotes Info: ... none found.
 (/Volumes/Storage_SSD/latex sync/LaTeXnew/latex/My-LaTeX-Repository/群论笔记/.texpadtmp/book.aux (/Volumes/Storage_SSD/latex sync/LaTeXnew/latex/My-LaTeX-Repository/群论笔记/.texpadtmp/./FrontMatter/titlepage.aux) (/Volumes/Storage_SSD/latex sync/LaTeXnew/latex/My-LaTeX-Repository/群论笔记/.texpadtmp/./FrontMatter/epigraph.aux) (/Volumes/Storage_SSD/latex sync/LaTeXnew/latex/My-LaTeX-Repository/群论笔记/.texpadtmp/./FrontMatter/foreword.aux) (/Volumes/Storage_SSD/latex sync/LaTeXnew/latex/My-LaTeX-Repository/群论笔记/.texpadtmp/MainMatter/linear_algebra.aux))
\openout1 = `book.aux'.

LaTeX Font Info:    Checking defaults for OML/cmm/m/it on input line 69.
LaTeX Font Info:    ... okay on input line 69.
LaTeX Font Info:    Checking defaults for OMS/cmsy/m/n on input line 69.
LaTeX Font Info:    ... okay on input line 69.
LaTeX Font Info:    Checking defaults for OT1/cmr/m/n on input line 69.
LaTeX Font Info:    ... okay on input line 69.
LaTeX Font Info:    Checking defaults for T1/cmr/m/n on input line 69.
LaTeX Font Info:    ... okay on input line 69.
LaTeX Font Info:    Checking defaults for TS1/cmr/m/n on input line 69.
LaTeX Font Info:    ... okay on input line 69.
LaTeX Font Info:    Checking defaults for TU/lmr/m/n on input line 69.
LaTeX Font Info:    ... okay on input line 69.
LaTeX Font Info:    Checking defaults for OMX/cmex/m/n on input line 69.
LaTeX Font Info:    ... okay on input line 69.
LaTeX Font Info:    Checking defaults for U/cmr/m/n on input line 69.
LaTeX Font Info:    ... okay on input line 69.
LaTeX Font Info:    Checking defaults for PD1/pdf/m/n on input line 69.
LaTeX Font Info:    ... okay on input line 69.
LaTeX Font Info:    Checking defaults for PU/pdf/m/n on input line 69.
LaTeX Font Info:    ... okay on input line 69.
Package hyperref Info: Link coloring ON on input line 69.
 (/Volumes/Storage_SSD/latex sync/LaTeXnew/latex/My-LaTeX-Repository/群论笔记/.texpadtmp/book.out) (/Volumes/Storage_SSD/latex sync/LaTeXnew/latex/My-LaTeX-Repository/群论笔记/.texpadtmp/book.out)
\@outlinefile=\write4
\openout4 = `book.out'.


*geometry* driver: auto-detecting
*geometry* detected driver: xetex
*geometry* verbose mode - [ preamble ] result:
* driver: xetex
* paper: a4paper
* layout: <same size as paper>
* layoutoffset:(h,v)=(0.0pt,0.0pt)
* modes: 
* h-part:(L,W,R)=(56.9055pt, 483.69687pt, 56.9055pt)
* v-part:(T,H,B)=(72.26997pt, 700.5069pt, 72.26997pt)
* \paperwidth=597.50787pt
* \paperheight=845.04684pt
* \textwidth=483.69687pt
* \textheight=700.5069pt
* \oddsidemargin=-15.36449pt
* \evensidemargin=-15.36449pt
* \topmargin=-73.12352pt
* \headheight=61.74242pt
* \headsep=11.38109pt
* \topskip=10.0pt
* \footskip=34.1433pt
* \marginparwidth=61.0pt
* \marginparsep=7.0pt
* \columnsep=10.0pt
* \skip\footins=9.0pt plus 4.0pt minus 2.0pt
* \hoffset=0.0pt
* \voffset=0.0pt
* \mag=1000
* \@twocolumnfalse
* \@twosidefalse
* \@mparswitchfalse
* \@reversemarginfalse
* (1in=72.27pt=25.4mm, 1cm=28.453pt)


Package fontspec Info: Adjusting the maths setup (use [no-math] to avoid
(fontspec)             this).

\symlegacymaths=\mathgroup6
LaTeX Font Info:    Overwriting symbol font `legacymaths' in version `bold'
(Font)                  OT1/cmr/m/n --> OT1/cmr/bx/n on input line 69.
LaTeX Font Info:    Redeclaring math accent \acute on input line 69.
LaTeX Font Info:    Redeclaring math accent \grave on input line 69.
LaTeX Font Info:    Redeclaring math accent \ddot on input line 69.
LaTeX Font Info:    Redeclaring math accent \tilde on input line 69.
LaTeX Font Info:    Redeclaring math accent \bar on input line 69.
LaTeX Font Info:    Redeclaring math accent \breve on input line 69.
LaTeX Font Info:    Redeclaring math accent \check on input line 69.
LaTeX Font Info:    Redeclaring math accent \hat on input line 69.
LaTeX Font Info:    Redeclaring math accent \dot on input line 69.
LaTeX Font Info:    Redeclaring math accent \mathring on input line 69.
LaTeX Font Info:    Redeclaring math symbol \Gamma on input line 69.
LaTeX Font Info:    Redeclaring math symbol \Delta on input line 69.
LaTeX Font Info:    Redeclaring math symbol \Theta on input line 69.
LaTeX Font Info:    Redeclaring math symbol \Lambda on input line 69.
LaTeX Font Info:    Redeclaring math symbol \Xi on input line 69.
LaTeX Font Info:    Redeclaring math symbol \Pi on input line 69.
LaTeX Font Info:    Redeclaring math symbol \Sigma on input line 69.
LaTeX Font Info:    Redeclaring math symbol \Upsilon on input line 69.
LaTeX Font Info:    Redeclaring math symbol \Phi on input line 69.
LaTeX Font Info:    Redeclaring math symbol \Psi on input line 69.
LaTeX Font Info:    Redeclaring math symbol \Omega on input line 69.
LaTeX Font Info:    Redeclaring math symbol \mathdollar on input line 69.
LaTeX Font Info:    Redeclaring symbol font `operators' on input line 69.
LaTeX Font Info:    Encoding `OT1' has changed to `TU' for symbol font
(Font)              `operators' in the math version `normal' on input line 69.
LaTeX Font Info:    Overwriting symbol font `operators' in version `normal'
(Font)                  OT1/cmr/m/n --> TU/lmr/m/n on input line 69.
LaTeX Font Info:    Encoding `OT1' has changed to `TU' for symbol font
(Font)              `operators' in the math version `bold' on input line 69.
LaTeX Font Info:    Overwriting symbol font `operators' in version `bold'
(Font)                  OT1/cmr/bx/n --> TU/lmr/m/n on input line 69.
LaTeX Font Info:    Overwriting symbol font `operators' in version `normal'
(Font)                  TU/lmr/m/n --> TU/lmr/m/n on input line 69.
LaTeX Font Info:    Overwriting math alphabet `\mathit' in version `normal'
(Font)                  OT1/cmr/m/it --> TU/lmr/m/it on input line 69.
LaTeX Font Info:    Overwriting math alphabet `\mathbf' in version `normal'
(Font)                  OT1/cmr/bx/n --> TU/lmr/b/n on input line 69.
LaTeX Font Info:    Overwriting math alphabet `\mathsf' in version `normal'
(Font)                  OT1/cmss/m/n --> TU/lmss/m/n on input line 69.
LaTeX Font Info:    Overwriting math alphabet `\mathtt' in version `normal'
(Font)                  OT1/cmtt/m/n --> TU/lmtt/m/n on input line 69.
LaTeX Font Info:    Overwriting symbol font `operators' in version `bold'
(Font)                  TU/lmr/m/n --> TU/lmr/b/n on input line 69.
LaTeX Font Info:    Overwriting math alphabet `\mathit' in version `bold'
(Font)                  OT1/cmr/bx/it --> TU/lmr/b/it on input line 69.
LaTeX Font Info:    Overwriting math alphabet `\mathsf' in version `bold'
(Font)                  OT1/cmss/bx/n --> TU/lmss/b/n on input line 69.
LaTeX Font Info:    Overwriting math alphabet `\mathtt' in version `bold'
(Font)                  OT1/cmtt/m/n --> TU/lmtt/b/n on input line 69.
(|'inkscape' -V )

Package svg Warning: No version of Inkscape was detected by invoking
(svg)                `inkscape -V'
(svg)                so the Inkscape export will fail quite sure as the
(svg)                command is probably unknown to your OS. You could set
(svg)                `inkscapeversion=<version>' manually but this is very
(svg)                unlikely to work on input line 69.

\openout2 = `./FrontMatter/titlepage.aux'.

(./FrontMatter/titlepage.tex

LaTeX Font Warning: Font shape `TU/FZShuSong-Z01(0)/m/sc' undefined
(Font)              using `TU/FZShuSong-Z01(0)/m/n' instead on input line 19.


Overfull \hbox (22.00848pt too wide) in paragraph at lines 19--20
[][][][][][][] 
 []

LaTeX Font Info:    Trying to load font information for U+msa on input line 37.
(/usr/local/texlive/2024/texmf-dist/tex/latex/amsfonts/umsa.fd
File: umsa.fd 2013/01/14 v3.01 AMS symbols A
)
LaTeX Font Info:    Trying to load font information for U+msb on input line 37.
 (/usr/local/texlive/2024/texmf-dist/tex/latex/amsfonts/umsb.fd
File: umsb.fd 2013/01/14 v3.01 AMS symbols B
) [1




]) [1



]
\openout2 = `./FrontMatter/epigraph.aux'.

 (./FrontMatter/epigraph.tex

Package fontspec Info: Could not resolve font "Source Han Serif SC-SemiBold/I"
(fontspec)             (it probably doesn't exist).


Package fontspec Info: Could not resolve font "FZKai-Z03/BI" (it probably
(fontspec)             doesn't exist).


Package fontspec Info: Could not resolve font "FZKai-Z03/I" (it probably
(fontspec)             doesn't exist).


Package fontspec Info: Font family 'FZKai-Z03(0)' created for font 'FZKai-Z03'
(fontspec)             with options [Script={CJK},BoldFont={Source Han Serif
(fontspec)             SC-SemiBold}].
(fontspec)              
(fontspec)              This font family consists of the following NFSS
(fontspec)             series/shapes:
(fontspec)              
(fontspec)             - 'normal' (m/n) with NFSS spec.:
(fontspec)             <->"FZKai-Z03/OT:script=hani;language=dflt;"
(fontspec)             - 'small caps'  (m/sc) with NFSS spec.: 
(fontspec)             - 'bold' (b/n) with NFSS spec.: <->"Source Han Serif
(fontspec)             SC-SemiBold/OT:script=hani;language=dflt;"
(fontspec)             - 'bold small caps'  (b/sc) with NFSS spec.: 



LaTeX Font Warning: Font shape `TU/lmss/m/sc' in size <15.05624> not available
(Font)              Font shape `TU/lmr/m/sc' tried instead on input line 14.

) [1

]
\openout2 = `./FrontMatter/foreword.aux'.

 (./FrontMatter/foreword.tex) [2




] (/Volumes/Storage_SSD/latex sync/LaTeXnew/latex/My-LaTeX-Repository/群论笔记/.texpadtmp/book.toc)
\tf@toc=\write5
\openout5 = `book.toc'.

 [3



]
\openout2 = `MainMatter/linear_algebra.aux'.

 (./MainMatter/linear_algebra.tex
Chapter 1.
./MainMatter/linear_algebra.tex:16: Undefined control sequence.
\remark ...textbf {\text {注.}} \itshape \citshape 
                                                  
l.16 \begin{remark}
                   
The control sequence at the end of the top line
of your error message was never \def'ed. If you have
misspelled it (e.g., `\hobx'), type `I' and the correct
spelling (e.g., `I\hbox'). Otherwise just continue,
and I'll forget about whatever was undefined.

./MainMatter/linear_algebra.tex:19: Undefined control sequence.
\remark ...textbf {\text {注.}} \itshape \citshape 
                                                  
l.19 \begin{remark}
                   
The control sequence at the end of the top line
of your error message was never \def'ed. If you have
misspelled it (e.g., `\hobx'), type `I' and the correct
spelling (e.g., `I\hbox'). Otherwise just continue,
and I'll forget about whatever was undefined.

./MainMatter/linear_algebra.tex:22: Undefined control sequence.
\remark ...textbf {\text {注.}} \itshape \citshape 
                                                  
l.22 \begin{remark}
                   
The control sequence at the end of the top line
of your error message was never \def'ed. If you have
misspelled it (e.g., `\hobx'), type `I' and the correct
spelling (e.g., `I\hbox'). Otherwise just continue,
and I'll forget about whatever was undefined.

./MainMatter/linear_algebra.tex:31: Undefined control sequence.
\remark ...textbf {\text {注.}} \itshape \citshape 
                                                  
l.31 \begin{remark}
                   
The control sequence at the end of the top line
of your error message was never \def'ed. If you have
misspelled it (e.g., `\hobx'), type `I' and the correct
spelling (e.g., `I\hbox'). Otherwise just continue,
and I'll forget about whatever was undefined.

[1



]
./MainMatter/linear_algebra.tex:48: Undefined control sequence.
\remark ...textbf {\text {注.}} \itshape \citshape 
                                                  
l.48 \begin{remark}
                   
The control sequence at the end of the top line
of your error message was never \def'ed. If you have
misspelled it (e.g., `\hobx'), type `I' and the correct
spelling (e.g., `I\hbox'). Otherwise just continue,
and I'll forget about whatever was undefined.

./MainMatter/linear_algebra.tex:52: Undefined control sequence.
\example ...echapter .\arabic {exam}}~} \citshape 
                                                  
l.52 \begin{example}
                    
The control sequence at the end of the top line
of your error message was never \def'ed. If you have
misspelled it (e.g., `\hobx'), type `I' and the correct
spelling (e.g., `I\hbox'). Otherwise just continue,
and I'll forget about whatever was undefined.

./MainMatter/linear_algebra.tex:56: Undefined control sequence.
\example ...echapter .\arabic {exam}}~} \citshape 
                                                  
l.56 \begin{example}
                    
The control sequence at the end of the top line
of your error message was never \def'ed. If you have
misspelled it (e.g., `\hobx'), type `I' and the correct
spelling (e.g., `I\hbox'). Otherwise just continue,
and I'll forget about whatever was undefined.

./MainMatter/linear_algebra.tex:60: Undefined control sequence.
\example ...echapter .\arabic {exam}}~} \citshape 
                                                  
l.60 \begin{example}
                    
The control sequence at the end of the top line
of your error message was never \def'ed. If you have
misspelled it (e.g., `\hobx'), type `I' and the correct
spelling (e.g., `I\hbox'). Otherwise just continue,
and I'll forget about whatever was undefined.

./MainMatter/linear_algebra.tex:68: Undefined control sequence.
\example ...echapter .\arabic {exam}}~} \citshape 
                                                  
l.68 \begin{example}
                    
The control sequence at the end of the top line
of your error message was never \def'ed. If you have
misspelled it (e.g., `\hobx'), type `I' and the correct
spelling (e.g., `I\hbox'). Otherwise just continue,
and I'll forget about whatever was undefined.


LaTeX Warning: Command \textbackslash invalid in math mode on input line 79.


LaTeX Warning: Command \textbackslash invalid in math mode on input line 80.

LaTeX Font Info:    Font shape `TU/FZShuSong-Z01(0)/m/sl' in size <10.53937> not available
(Font)              Font shape `TU/FZShuSong-Z01(0)/m/it' tried instead on input line 83.
[2]
./MainMatter/linear_algebra.tex:84: Undefined control sequence.
\remark ...textbf {\text {注.}} \itshape \citshape 
                                                  
l.84 \begin{remark}
                   
The control sequence at the end of the top line
of your error message was never \def'ed. If you have
misspelled it (e.g., `\hobx'), type `I' and the correct
spelling (e.g., `I\hbox'). Otherwise just continue,
and I'll forget about whatever was undefined.

./MainMatter/linear_algebra.tex:87: Undefined control sequence.
\remark ...textbf {\text {注.}} \itshape \citshape 
                                                  
l.87 \begin{remark}
                   
The control sequence at the end of the top line
of your error message was never \def'ed. If you have
misspelled it (e.g., `\hobx'), type `I' and the correct
spelling (e.g., `I\hbox'). Otherwise just continue,
and I'll forget about whatever was undefined.

./MainMatter/linear_algebra.tex:90: Undefined control sequence.
\remark ...textbf {\text {注.}} \itshape \citshape 
                                                  
l.90 \begin{remark}
                   
The control sequence at the end of the top line
of your error message was never \def'ed. If you have
misspelled it (e.g., `\hobx'), type `I' and the correct
spelling (e.g., `I\hbox'). Otherwise just continue,
and I'll forget about whatever was undefined.

./MainMatter/linear_algebra.tex:93: Undefined control sequence.
\remark ...textbf {\text {注.}} \itshape \citshape 
                                                  
l.93 \begin{remark}
                   
The control sequence at the end of the top line
of your error message was never \def'ed. If you have
misspelled it (e.g., `\hobx'), type `I' and the correct
spelling (e.g., `I\hbox'). Otherwise just continue,
and I'll forget about whatever was undefined.


LaTeX Warning: Command \textbackslash invalid in math mode on input line 94.

./MainMatter/linear_algebra.tex:106: Undefined control sequence.
\proof ...extbf {\text {证明}~~} \itshape \citshape 
                                                  
l.106 \begin{proof}
                   
The control sequence at the end of the top line
of your error message was never \def'ed. If you have
misspelled it (e.g., `\hobx'), type `I' and the correct
spelling (e.g., `I\hbox'). Otherwise just continue,
and I'll forget about whatever was undefined.

./MainMatter/linear_algebra.tex:119: Undefined control sequence.
\proof ...extbf {\text {证明}~~} \itshape \citshape 
                                                  
l.119 \begin{proof}
                   
The control sequence at the end of the top line
of your error message was never \def'ed. If you have
misspelled it (e.g., `\hobx'), type `I' and the correct
spelling (e.g., `I\hbox'). Otherwise just continue,
and I'll forget about whatever was undefined.

./MainMatter/linear_algebra.tex:124: Undefined control sequence.
\remark ...textbf {\text {注.}} \itshape \citshape 
                                                  
l.124 \begin{remark}
                    
The control sequence at the end of the top line
of your error message was never \def'ed. If you have
misspelled it (e.g., `\hobx'), type `I' and the correct
spelling (e.g., `I\hbox'). Otherwise just continue,
and I'll forget about whatever was undefined.

) [3] (/Volumes/Storage_SSD/latex sync/LaTeXnew/latex/My-LaTeX-Repository/群论笔记/.texpadtmp/book.aux (/Volumes/Storage_SSD/latex sync/LaTeXnew/latex/My-LaTeX-Repository/群论笔记/.texpadtmp/./FrontMatter/titlepage.aux) (/Volumes/Storage_SSD/latex sync/LaTeXnew/latex/My-LaTeX-Repository/群论笔记/.texpadtmp/./FrontMatter/epigraph.aux) (/Volumes/Storage_SSD/latex sync/LaTeXnew/latex/My-LaTeX-Repository/群论笔记/.texpadtmp/./FrontMatter/foreword.aux) (/Volumes/Storage_SSD/latex sync/LaTeXnew/latex/My-LaTeX-Repository/群论笔记/.texpadtmp/MainMatter/linear_algebra.aux))
 ***********
LaTeX2e <2023-11-01> patch level 1
L3 programming layer <2022/07/14>
 ***********


LaTeX Font Warning: Some font shapes were not available, defaults substituted.

Package rerunfilecheck Info: File `book.out' has not changed.
(rerunfilecheck)             Checksum: 3A0012674E5D3A1DCC6FCAC98D92B97B;179.
 ) 
Here is how much of TeX's memory you used:
 19690 strings out of 474773
 422433 string characters out of 5757724
 1940839 words of memory out of 5000000
 41397 multiletter control sequences out of 15000+600000
 568109 words of font info for 126 fonts, out of 8000000 for 9000
 1348 hyphenation exceptions out of 8191
 108i,8n,111p,498b,439s stack positions out of 10000i,1000n,20000p,200000b,200000s

Output written on /Volumes/Storage_SSD/latex sync/LaTeXnew/latex/My-LaTeX-Repository/群论笔记/.texpadtmp/book.pdf (8 pages).
