\BOOKMARK [0][]{chapter.1}{\376\377\0001\000\040\124\021\221\317\172\172\225\364}{}% 1
\BOOKMARK [1][]{section.1.1}{\376\377\0001\000.\0001\000\040\116\316\000F\000n\213\364\215\167}{chapter.1}% 2
\BOOKMARK [2][]{subsection.1.1.1}{\376\377\0001\000.\0001\000.\0001\000\040\131\015\145\160\116\016\131\015\145\160\127\337}{section.1.1}% 3
\BOOKMARK [2][]{subsection.1.1.2}{\376\377\0001\000.\0001\000.\0002\000\040\000F\000n}{section.1.1}% 4
\BOOKMARK [1][]{section.1.2}{\376\377\0001\000.\0002\000\040\124\021\221\317\172\172\225\364}{chapter.1}% 5
\BOOKMARK [1][]{section.1.3}{\376\377\0001\000.\0003\000\040\133\120\172\172\225\364}{chapter.1}% 6
\BOOKMARK [2][]{subsection.1.3.1}{\376\377\0001\000.\0003\000.\0001\000\040\133\120\172\172\225\364}{section.1.3}% 7
\BOOKMARK [2][]{subsection.1.3.2}{\376\377\0001\000.\0003\000.\0002\000\040\133\120\172\172\225\364\166\204\124\214}{section.1.3}% 8
\BOOKMARK [2][]{subsection.1.3.3}{\376\377\0001\000.\0003\000.\0003\000\040\166\364\124\214}{section.1.3}% 9
\BOOKMARK [0][]{chapter.2}{\376\377\0002\000\040\147\011\226\120\176\364\124\021\221\317\172\172\225\364}{}% 10
\BOOKMARK [1][]{section.2.1}{\376\377\0002\000.\0001\000\040\147\011\226\120\176\364\124\021\221\317\172\172\225\364}{chapter.2}% 11
\BOOKMARK [2][]{subsection.2.1.1}{\376\377\0002\000.\0001\000.\0001\000\040\137\040\142\020\172\172\225\364}{section.2.1}% 12
\BOOKMARK [2][]{subsection.2.1.2}{\376\377\0002\000.\0001\000.\0002\000\040\147\011\226\120\176\364\124\021\221\317\172\172\225\364}{section.2.1}% 13
\BOOKMARK [1][]{section.2.2}{\376\377\0002\000.\0002\000\040\176\277\140\047\145\340\121\163}{chapter.2}% 14
\BOOKMARK [2][]{subsection.2.2.1}{\376\377\0002\000.\0002\000.\0001\000\040\176\277\140\047\145\340\121\163}{section.2.2}% 15
\BOOKMARK [2][]{subsection.2.2.2}{\376\377\0002\000.\0002\000.\0002\000\040\176\277\140\047\166\370\121\163\140\047\116\016\137\040\142\020}{section.2.2}% 16
\BOOKMARK [1][]{section.2.3}{\376\377\0002\000.\0003\000\040\127\372\116\016\176\364\145\160}{chapter.2}% 17
\BOOKMARK [2][]{subsection.2.3.1}{\376\377\0002\000.\0003\000.\0001\000\040\127\372}{section.2.3}% 18
\BOOKMARK [2][]{subsection.2.3.2}{\376\377\0002\000.\0003\000.\0002\000\040\176\364\145\160}{section.2.3}% 19
\BOOKMARK [0][]{chapter.3}{\376\377\0003\000\040\176\277\140\047\146\040\134\004\116\016\167\351\226\065\164\006\213\272}{}% 20
\BOOKMARK [1][]{section.3.1}{\376\377\0003\000.\0001\000\040\127\372\147\054\151\202\137\365}{chapter.3}% 21
\BOOKMARK [2][]{subsection.3.1.1}{\376\377\0003\000.\0001\000.\0001\000\040\124\021\221\317\172\172\225\364\166\204\176\277\140\047\146\040\134\004}{section.3.1}% 22
\BOOKMARK [2][]{subsection.3.1.2}{\376\377\0003\000.\0001\000.\0002\000\040\176\277\140\047\146\040\134\004\166\204\210\150\171\072\167\351\226\065}{section.3.1}% 23
\BOOKMARK [2][]{subsection.3.1.3}{\376\377\0003\000.\0001\000.\0003\000\040\167\351\226\065\166\204\217\320\173\227}{section.3.1}% 24
\BOOKMARK [1][]{section.3.2}{\376\377\0003\000.\0002\000\040\226\366\172\172\225\364\116\016\120\074\127\337}{chapter.3}% 25
\BOOKMARK [2][]{subsection.3.2.1}{\376\377\0003\000.\0002\000.\0001\000\040\211\343\176\277\140\047\145\271\172\013\176\304\225\356\230\230}{section.3.2}% 26
\BOOKMARK [2][]{subsection.3.2.2}{\376\377\0003\000.\0002\000.\0002\000\040\123\357\220\006\167\351\226\065}{section.3.2}% 27
\BOOKMARK [2][]{subsection.3.2.3}{\376\377\0003\000.\0002\000.\0003\000\040\226\366\172\172\225\364\116\016\120\074\127\337}{section.3.2}% 28
\BOOKMARK [2][]{subsection.3.2.4}{\376\377\0003\000.\0002\000.\0004\000\040\176\277\140\047\146\040\134\004\127\372\147\054\133\232\164\006}{section.3.2}% 29
\BOOKMARK [1][]{section.3.3}{\376\377\0003\000.\0003\000\040\123\357\220\006\140\047\116\016\124\014\147\204\166\204\124\021\221\317\172\172\225\364}{chapter.3}% 30
\BOOKMARK [2][]{subsection.3.3.1}{\376\377\0003\000.\0003\000.\0001\000\040\176\277\140\047\146\040\134\004\166\204\123\357\220\006\140\047}{section.3.3}% 31
\BOOKMARK [2][]{subsection.3.3.2}{\376\377\0003\000.\0003\000.\0002\000\040\124\014\147\204\166\204\124\021\221\317\172\172\225\364}{section.3.3}% 32
\BOOKMARK [2][]{subsection.3.3.3}{\376\377\0003\000.\0003\000.\0003\000\040\127\372\166\204\123\330\143\142}{section.3.3}% 33
\BOOKMARK [1][]{section.3.4}{\376\377\0003\000.\0004\000\040\124\021\221\317\172\172\225\364\166\204\171\357\116\016\125\106}{chapter.3}% 34
\BOOKMARK [2][]{subsection.3.4.1}{\376\377\0003\000.\0004\000.\0001\000\040\124\021\221\317\172\172\225\364\166\204\171\357}{section.3.4}% 35
\BOOKMARK [2][]{subsection.3.4.2}{\376\377\0003\000.\0004\000.\0002\000\040\124\021\221\317\172\172\225\364\166\204\125\106}{section.3.4}% 36
\BOOKMARK [1][]{section.3.5}{\376\377\0003\000.\0005\000\040\133\371\120\166\116\016\167\351\226\065\166\204\171\351}{chapter.3}% 37
\BOOKMARK [2][]{subsection.3.5.1}{\376\377\0003\000.\0005\000.\0001\000\040\133\371\120\166}{section.3.5}% 38
\BOOKMARK [2][]{subsection.3.5.2}{\376\377\0003\000.\0005\000.\0002\000\040\167\351\226\065\166\204\171\351}{section.3.5}% 39
\BOOKMARK [2][]{subsection.3.5.3}{\376\377\0003\000.\0005\000.\0003\000\040\133\371\120\166\146\040\134\004\166\204\226\366\172\172\225\364\124\214\120\074\127\337}{section.3.5}% 40
\BOOKMARK [0][]{chapter.4}{\376\377\0004\000\040\147\054\137\201\120\074\124\214\147\054\137\201\124\021\221\317}{}% 41
\BOOKMARK [1][]{section.4.1}{\376\377\0004\000.\0001\000\040\127\372\147\054\151\202\137\365}{chapter.4}% 42
\BOOKMARK [1][]{section.4.2}{\376\377\0004\000.\0002\000\040\147\201\134\017\131\032\230\171\137\017}{chapter.4}% 43
\BOOKMARK [2][]{subsection.4.2.1}{\376\377\0004\000.\0002\000.\0001\000\040\147\054\137\201\120\074\116\016\147\201\134\017\131\032\230\171\137\017}{section.4.2}% 44
\BOOKMARK [2][]{subsection.4.2.2}{\376\377\0004\000.\0002\000.\0002\000\040\131\107\145\160\176\364\133\236\124\021\221\317\172\172\225\364\116\012\166\204\147\054\137\201\120\074}{section.4.2}% 45
\BOOKMARK [1][]{section.4.3}{\376\377\0004\000.\0003\000\040\116\012\116\011\211\322\167\351\226\065}{chapter.4}% 46
\BOOKMARK [1][]{section.4.4}{\376\377\0004\000.\0004\000\040\123\357\133\371\211\322\123\026\173\227\133\120}{chapter.4}% 47
